#-----------------------------------------------------------
# Vivado v2020.1 (64-bit)
# SW Build 2902540 on Wed May 27 19:54:49 MDT 2020
# IP Build 2902112 on Wed May 27 22:43:36 MDT 2020
# Start of session at: Sat Mar  6 13:38:16 2021
# Process ID: 21128
# Current directory: C:/Users/y.morgunov/workspace/A014-RedPitaya/RedPitaya/fpga
# Command line: vivado.exe -source red_pitaya_avarage_filter_Z10.tcl -tclargs classic
# Log file: C:/Users/y.morgunov/workspace/A014-RedPitaya/RedPitaya/fpga/vivado.log
# Journal file: C:/Users/y.morgunov/workspace/A014-RedPitaya/RedPitaya/fpga\vivado.jou
#-----------------------------------------------------------
start_gui
source red_pitaya_avarage_filter_Z10.tcl
# set origin_dir "."
# if { [info exists ::origin_dir_loc] } {
#   set origin_dir $::origin_dir_loc
# }
# set _xil_proj_name_ "redpitaya"
# if { [info exists ::user_project_name] } {
#   set _xil_proj_name_ $::user_project_name
# }
# variable script_file
# set script_file "red_pitaya_avarage_filter_Z10.tcl"
# proc print_help {} {
#   variable script_file
#   puts "\nDescription:"
#   puts "Recreate a Vivado project from this script. The created project will be"
#   puts "functionally equivalent to the original project for which this script was"
#   puts "generated. The script contains commands for creating a project, filesets,"
#   puts "runs, adding/importing sources and setting properties on various objects.\n"
#   puts "Syntax:"
#   puts "$script_file"
#   puts "$script_file -tclargs \[--origin_dir <path>\]"
#   puts "$script_file -tclargs \[--project_name <name>\]"
#   puts "$script_file -tclargs \[--help\]\n"
#   puts "Usage:"
#   puts "Name                   Description"
#   puts "-------------------------------------------------------------------------"
#   puts "\[--origin_dir <path>\]  Determine source file paths wrt this path. Default"
#   puts "                       origin_dir path value is \".\", otherwise, the value"
#   puts "                       that was set with the \"-paths_relative_to\" switch"
#   puts "                       when this script was generated.\n"
#   puts "\[--project_name <name>\] Create project with the specified name. Default"
#   puts "                       name is the name of the project from where this"
#   puts "                       script was generated.\n"
#   puts "\[--help\]               Print help information for this script"
#   puts "-------------------------------------------------------------------------\n"
#   exit 0
# }
# if { $::argc > 0 } {
#   for {set i 0} {$i < $::argc} {incr i} {
#     set option [string trim [lindex $::argv $i]]
#     switch -regexp -- $option {
#       "--origin_dir"   { incr i; set origin_dir [lindex $::argv $i] }
#       "--project_name" { incr i; set _xil_proj_name_ [lindex $::argv $i] }
#       "--help"         { print_help }
#       default {
#         if { [regexp {^-} $option] } {
#           puts "ERROR: Unknown option '$option' specified, please type '$script_file -tclargs --help' for usage info.\n"
#           return 1
#         }
#       }
#     }
#   }
# }
# set orig_proj_dir "[file normalize "$origin_dir/prj/v0.94/project"]"
# create_project ${_xil_proj_name_} ./${_xil_proj_name_} -part xc7z010clg400-1
INFO: [IP_Flow 19-234] Refreshing IP repositories
INFO: [IP_Flow 19-1704] No user IP repositories specified
INFO: [IP_Flow 19-2313] Loaded Vivado IP repository 'C:/Xilinx/Vivado/2020.1/data/ip'.
create_project: Time (s): cpu = 00:00:20 ; elapsed = 00:00:11 . Memory (MB): peak = 1024.363 ; gain = 0.000
# set proj_dir [get_property directory [current_project]]
# set obj [current_project]
# set_property -name "board_part_repo_paths" -value "[file normalize "$origin_dir/brd"]" -objects $obj
# set_property -name "default_lib" -value "xil_defaultlib" -objects $obj
# set_property -name "enable_vhdl_2008" -value "1" -objects $obj
# set_property -name "ip_cache_permissions" -value "read write" -objects $obj
# set_property -name "ip_output_repo" -value "$proj_dir/${_xil_proj_name_}.cache/ip" -objects $obj
# set_property -name "mem.enable_memory_map_generation" -value "1" -objects $obj
# set_property -name "part" -value "xc7z010clg400-1" -objects $obj
# set_property -name "sim.central_dir" -value "$proj_dir/${_xil_proj_name_}.ip_user_files" -objects $obj
# set_property -name "sim.ip.auto_export_scripts" -value "1" -objects $obj
# set_property -name "simulator_language" -value "Mixed" -objects $obj
# set_property -name "xpm_libraries" -value "XPM_CDC XPM_MEMORY" -objects $obj
# if {[string equal [get_filesets -quiet sources_1] ""]} {
#   create_fileset -srcset sources_1
# }
# set obj [get_filesets sources_1]
# set files [list \
#  [file normalize "${origin_dir}/prj/v0.94/rtl/red_pitaya_proc.vhd"] \
# ]
# add_files -norecurse -fileset $obj $files
# set files [list \
#  [file normalize "${origin_dir}/prj/v0.94/project/redpitaya.srcs/sources_1/bd/system/system.bd" ]\
#  [file normalize "${origin_dir}/prj/v0.94/project/redpitaya.srcs/sources_1/imports/fpga/rtl/classic/axi_master.v"]\
#  [file normalize "${origin_dir}/prj/v0.94/project/redpitaya.srcs/sources_1/imports/fpga/rtl/classic/axi_wr_fifo.v"]\
#  [file normalize "${origin_dir}/prj/v0.94/project/redpitaya.srcs/sources_1/imports/fpga/rtl/divide.v"]\
#  [file normalize "${origin_dir}/prj/v0.94/project/redpitaya.srcs/sources_1/imports/fpga/rtl/classic/red_pitaya_ams.v"]\
#  [file normalize "${origin_dir}/prj/v0.94/project/redpitaya.srcs/sources_1/imports/fpga/rtl/classic/red_pitaya_asg.v"]\
#  [file normalize "${origin_dir}/prj/v0.94/project/redpitaya.srcs/sources_1/imports/fpga/rtl/classic/red_pitaya_asg_ch.v"]\
#  [file normalize "${origin_dir}/prj/v0.94/project/redpitaya.srcs/sources_1/imports/fpga/rtl/classic/red_pitaya_daisy.v"]\
#  [file normalize "${origin_dir}/prj/v0.94/project/redpitaya.srcs/sources_1/imports/fpga/rtl/classic/red_pitaya_daisy_rx.v"]\
#  [file normalize "${origin_dir}/prj/v0.94/project/redpitaya.srcs/sources_1/imports/fpga/rtl/classic/red_pitaya_daisy_test.v"]\
#  [file normalize "${origin_dir}/prj/v0.94/project/redpitaya.srcs/sources_1/imports/fpga/rtl/classic/red_pitaya_daisy_tx.v"]\
#  [file normalize "${origin_dir}/prj/v0.94/project/redpitaya.srcs/sources_1/imports/fpga/rtl/classic/red_pitaya_hk.v"]\
#  [file normalize "${origin_dir}/prj/v0.94/project/redpitaya.srcs/sources_1/imports/fpga/rtl/classic/red_pitaya_pid.v"]\
#  [file normalize "${origin_dir}/prj/v0.94/project/redpitaya.srcs/sources_1/imports/fpga/rtl/classic/red_pitaya_pid_block.v"]\
#  [file normalize "${origin_dir}/prj/v0.94/project/redpitaya.srcs/sources_1/imports/fpga/rtl/classic/red_pitaya_scope.v"]\
#  [file normalize "${origin_dir}/prj/v0.94/project/redpitaya.srcs/sources_1/imports/fpga/rtl/interface/axi4_if.sv"]\
#  [file normalize "${origin_dir}/prj/v0.94/project/redpitaya.srcs/sources_1/imports/fpga/rtl/axi4_slave.sv"]\
#  [file normalize "${origin_dir}/prj/v0.94/project/redpitaya.srcs/sources_1/imports/fpga/rtl/interface/gpio_if.sv"]\
#  [file normalize "${origin_dir}/prj/v0.94/project/redpitaya.srcs/sources_1/imports/fpga/rtl/red_pitaya_dfilt1.sv"]\
#  [file normalize "${origin_dir}/prj/v0.94/project/redpitaya.srcs/sources_1/imports/fpga/rtl/classic/red_pitaya_pdm.sv"]\
#  [file normalize "${origin_dir}/prj/v0.94/project/redpitaya.srcs/sources_1/imports/fpga/rtl/red_pitaya_pll.sv"]\
#  [file normalize "${origin_dir}/prj/v0.94/project/redpitaya.srcs/sources_1/imports/fpga/prj/v0.94/rtl/red_pitaya_ps.sv"]\
#  [file normalize "${origin_dir}/prj/v0.94/project/redpitaya.srcs/sources_1/imports/fpga/rtl/interface/sys_bus_if.sv"]\
#  [file normalize "${origin_dir}/prj/v0.94/project/redpitaya.srcs/sources_1/imports/fpga/rtl/sys_bus_interconnect.sv"]\
#  [file normalize "${origin_dir}/prj/v0.94/project/redpitaya.srcs/sources_1/imports/fpga/rtl/sys_bus_stub.sv"]\
#  [file normalize "${origin_dir}/prj/v0.94/project/redpitaya.srcs/sources_1/imports/fpga/prj/v0.94/rtl/red_pitaya_top.sv"]\
#  [file normalize "${origin_dir}/prj/v0.94/project/redpitaya.srcs/sources_1/imports/fpga/rtl/sys_reg_array_o.sv"]\
#  [file normalize "${origin_dir}/prj/v0.94/project/redpitaya.srcs/sources_1/imports/fpga/rtl/str_dec.sv"]\
#  [file normalize "${origin_dir}/prj/v0.94/project/redpitaya.srcs/sources_1/imports/fpga/rtl/str2mm.sv"]\
#  [file normalize "${origin_dir}/prj/v0.94/project/redpitaya.srcs/sources_1/imports/fpga/rtl/scope_filter.sv"]\
#  [file normalize "${origin_dir}/prj/v0.94/project/redpitaya.srcs/sources_1/imports/fpga/rtl/scope_dec_avg.sv"]\
#  [file normalize "${origin_dir}/prj/v0.94/project/redpitaya.srcs/sources_1/imports/fpga/rtl/rle.sv"]\
#  [file normalize "${origin_dir}/prj/v0.94/project/redpitaya.srcs/sources_1/imports/fpga/rtl/pwm.sv"]\
#  [file normalize "${origin_dir}/prj/v0.94/project/redpitaya.srcs/sources_1/imports/fpga/rtl/pid_block.sv"]\
#  [file normalize "${origin_dir}/prj/v0.94/project/redpitaya.srcs/sources_1/imports/fpga/rtl/pid.sv"]\
#  [file normalize "${origin_dir}/prj/v0.94/project/redpitaya.srcs/sources_1/imports/fpga/rtl/pdm.sv"]\
#  [file normalize "${origin_dir}/prj/v0.94/project/redpitaya.srcs/sources_1/imports/fpga/rtl/osc_trg.sv"]\
#  [file normalize "${origin_dir}/prj/v0.94/project/redpitaya.srcs/sources_1/imports/fpga/rtl/osc.sv"]\
#  [file normalize "${origin_dir}/prj/v0.94/project/redpitaya.srcs/sources_1/imports/fpga/rtl/old_la_top.sv"]\
#  [file normalize "${origin_dir}/prj/v0.94/project/redpitaya.srcs/sources_1/imports/fpga/rtl/old_id.sv"]\
#  [file normalize "${origin_dir}/prj/v0.94/project/redpitaya.srcs/sources_1/imports/fpga/rtl/old_asg_top.sv"]\
#  [file normalize "${origin_dir}/prj/v0.94/project/redpitaya.srcs/sources_1/imports/fpga/rtl/old_asg.sv"]\
#  [file normalize "${origin_dir}/prj/v0.94/project/redpitaya.srcs/sources_1/imports/fpga/rtl/old_acq.sv"]\
#  [file normalize "${origin_dir}/prj/v0.94/project/redpitaya.srcs/sources_1/imports/fpga/rtl/muxctl.sv"]\
#  [file normalize "${origin_dir}/prj/v0.94/project/redpitaya.srcs/sources_1/imports/fpga/rtl/mgmt.sv"]\
#  [file normalize "${origin_dir}/prj/v0.94/project/redpitaya.srcs/sources_1/imports/fpga/rtl/lin_mul.sv"]\
#  [file normalize "${origin_dir}/prj/v0.94/project/redpitaya.srcs/sources_1/imports/fpga/rtl/lin_add.sv"]\
#  [file normalize "${origin_dir}/prj/v0.94/project/redpitaya.srcs/sources_1/imports/fpga/rtl/lg.sv"]\
#  [file normalize "${origin_dir}/prj/v0.94/project/redpitaya.srcs/sources_1/imports/fpga/rtl/la_trg.sv"]\
#  [file normalize "${origin_dir}/prj/v0.94/project/redpitaya.srcs/sources_1/imports/fpga/rtl/la.sv"]\
#  [file normalize "${origin_dir}/prj/v0.94/project/redpitaya.srcs/sources_1/imports/fpga/rtl/interface/spi_if.sv"]\
#  [file normalize "${origin_dir}/prj/v0.94/project/redpitaya.srcs/sources_1/imports/fpga/rtl/interface/axi4_stream_if.sv"]\
#  [file normalize "${origin_dir}/prj/v0.94/project/redpitaya.srcs/sources_1/imports/fpga/rtl/interface/axi4_lite_if.sv"]\
#  [file normalize "${origin_dir}/prj/v0.94/project/redpitaya.srcs/sources_1/imports/fpga/rtl/id.sv"]\
#  [file normalize "${origin_dir}/prj/v0.94/project/redpitaya.srcs/sources_1/imports/fpga/rtl/gen.sv"]\
#  [file normalize "${origin_dir}/prj/v0.94/project/redpitaya.srcs/sources_1/imports/fpga/rtl/evn_pkg.sv"]\
#  [file normalize "${origin_dir}/prj/v0.94/project/redpitaya.srcs/sources_1/imports/fpga/rtl/debounce.sv"]\
#  [file normalize "${origin_dir}/prj/v0.94/project/redpitaya.srcs/sources_1/imports/fpga/rtl/cts.sv"]\
#  [file normalize "${origin_dir}/prj/v0.94/project/redpitaya.srcs/sources_1/imports/fpga/rtl/ctrg.sv"]\
#  [file normalize "${origin_dir}/prj/v0.94/project/redpitaya.srcs/sources_1/imports/fpga/rtl/clkdiv.sv"]\
#  [file normalize "${origin_dir}/prj/v0.94/project/redpitaya.srcs/sources_1/imports/fpga/rtl/clb.sv"]\
#  [file normalize "${origin_dir}/prj/v0.94/project/redpitaya.srcs/sources_1/imports/fpga/rtl/classic/red_pitaya_scope_Z20.v"]\
#  [file normalize "${origin_dir}/prj/v0.94/project/redpitaya.srcs/sources_1/imports/fpga/rtl/classic/red_pitaya_pwm.sv"]\
#  [file normalize "${origin_dir}/prj/v0.94/project/redpitaya.srcs/sources_1/imports/fpga/rtl/classic/red_pitaya_id.v"]\
#  [file normalize "${origin_dir}/prj/v0.94/project/redpitaya.srcs/sources_1/imports/fpga/rtl/bin_and.sv"]\
#  [file normalize "${origin_dir}/prj/v0.94/project/redpitaya.srcs/sources_1/imports/fpga/rtl/axi4_stream_reg.sv"]\
#  [file normalize "${origin_dir}/prj/v0.94/project/redpitaya.srcs/sources_1/imports/fpga/rtl/axi4_stream_pas.sv"]\
#  [file normalize "${origin_dir}/prj/v0.94/project/redpitaya.srcs/sources_1/imports/fpga/rtl/axi4_stream_mux.sv"]\
#  [file normalize "${origin_dir}/prj/v0.94/project/redpitaya.srcs/sources_1/imports/fpga/rtl/axi4_stream_dly.sv"]\
#  [file normalize "${origin_dir}/prj/v0.94/project/redpitaya.srcs/sources_1/imports/fpga/rtl/axi4_stream_demux.sv"]\
#  [file normalize "${origin_dir}/prj/v0.94/project/redpitaya.srcs/sources_1/imports/fpga/rtl/axi4_stream_cnt.sv"]\
#  [file normalize "${origin_dir}/prj/v0.94/project/redpitaya.srcs/sources_1/imports/fpga/rtl/axi4_lite_slave.v"]\
#  [file normalize "${origin_dir}/prj/v0.94/project/redpitaya.srcs/sources_1/imports/fpga/rtl/asg_per.sv"]\
#  [file normalize "${origin_dir}/prj/v0.94/project/redpitaya.srcs/sources_1/imports/fpga/rtl/asg_bst.sv"]\
#  [file normalize "${origin_dir}/prj/v0.94/project/redpitaya.srcs/sources_1/imports/fpga/rtl/asg.sv"]\
#  [file normalize "${origin_dir}/prj/v0.94/project/redpitaya.srcs/sources_1/imports/fpga/rtl/acq.sv"]\
#  [file normalize "${origin_dir}/prj/v0.94/project/redpitaya.srcs/sources_1/imports/fpga/prj/v0.94/rtl/red_pitaya_top_Z20.sv"]\
#  [file normalize "${origin_dir}/prj/v0.94/project/redpitaya.srcs/sources_1/bd/system/hdl/system_wrapper.v" ]\
# ]
import_files: Time (s): cpu = 00:00:03 ; elapsed = 00:00:05 . Memory (MB): peak = 1024.363 ; gain = 0.000
# set imported_files [import_files -fileset sources_1 $files]
# set file "$origin_dir/prj/v0.94/rtl/red_pitaya_proc.vhd"
# set file [file normalize $file]
# set file_obj [get_files -of_objects [get_filesets sources_1] [list "*$file"]]
# set_property -name "file_type" -value "VHDL" -objects $file_obj
# set file "system/system.bd"
# set file_obj [get_files -of_objects [get_filesets sources_1] [list "*$file"]]
# set_property -name "registered_with_manager" -value "1" -objects $file_obj
# set file "interface/axi4_if.sv"
# set file_obj [get_files -of_objects [get_filesets sources_1] [list "*$file"]]
# set_property -name "file_type" -value "SystemVerilog" -objects $file_obj
# set file "rtl/axi4_slave.sv"
# set file_obj [get_files -of_objects [get_filesets sources_1] [list "*$file"]]
# set_property -name "file_type" -value "SystemVerilog" -objects $file_obj
# set file "interface/gpio_if.sv"
# set file_obj [get_files -of_objects [get_filesets sources_1] [list "*$file"]]
# set_property -name "file_type" -value "SystemVerilog" -objects $file_obj
# set file "rtl/red_pitaya_dfilt1.sv"
# set file_obj [get_files -of_objects [get_filesets sources_1] [list "*$file"]]
# set_property -name "file_type" -value "SystemVerilog" -objects $file_obj
# set file "classic/red_pitaya_pdm.sv"
# set file_obj [get_files -of_objects [get_filesets sources_1] [list "*$file"]]
# set_property -name "file_type" -value "SystemVerilog" -objects $file_obj
# set file "rtl/red_pitaya_pll.sv"
# set file_obj [get_files -of_objects [get_filesets sources_1] [list "*$file"]]
# set_property -name "file_type" -value "SystemVerilog" -objects $file_obj
# set file "rtl/red_pitaya_ps.sv"
# set file_obj [get_files -of_objects [get_filesets sources_1] [list "*$file"]]
# set_property -name "file_type" -value "SystemVerilog" -objects $file_obj
# set file "interface/sys_bus_if.sv"
# set file_obj [get_files -of_objects [get_filesets sources_1] [list "*$file"]]
# set_property -name "file_type" -value "SystemVerilog" -objects $file_obj
# set file "rtl/sys_bus_interconnect.sv"
# set file_obj [get_files -of_objects [get_filesets sources_1] [list "*$file"]]
# set_property -name "file_type" -value "SystemVerilog" -objects $file_obj
# set file "rtl/sys_bus_stub.sv"
# set file_obj [get_files -of_objects [get_filesets sources_1] [list "*$file"]]
# set_property -name "file_type" -value "SystemVerilog" -objects $file_obj
# set file "rtl/red_pitaya_top.sv"
# set file_obj [get_files -of_objects [get_filesets sources_1] [list "*$file"]]
# set_property -name "file_type" -value "SystemVerilog" -objects $file_obj
# set file "rtl/sys_reg_array_o.sv"
# set file_obj [get_files -of_objects [get_filesets sources_1] [list "*$file"]]
# set_property -name "file_type" -value "SystemVerilog" -objects $file_obj
# set file "rtl/str_dec.sv"
# set file_obj [get_files -of_objects [get_filesets sources_1] [list "*$file"]]
# set_property -name "file_type" -value "SystemVerilog" -objects $file_obj
# set file "rtl/str2mm.sv"
# set file_obj [get_files -of_objects [get_filesets sources_1] [list "*$file"]]
# set_property -name "file_type" -value "SystemVerilog" -objects $file_obj
# set file "rtl/scope_filter.sv"
# set file_obj [get_files -of_objects [get_filesets sources_1] [list "*$file"]]
# set_property -name "file_type" -value "SystemVerilog" -objects $file_obj
# set file "rtl/scope_dec_avg.sv"
# set file_obj [get_files -of_objects [get_filesets sources_1] [list "*$file"]]
# set_property -name "file_type" -value "SystemVerilog" -objects $file_obj
# set file "rtl/rle.sv"
# set file_obj [get_files -of_objects [get_filesets sources_1] [list "*$file"]]
# set_property -name "file_type" -value "SystemVerilog" -objects $file_obj
# set file "rtl/pwm.sv"
# set file_obj [get_files -of_objects [get_filesets sources_1] [list "*$file"]]
# set_property -name "file_type" -value "SystemVerilog" -objects $file_obj
# set file "rtl/pid_block.sv"
# set file_obj [get_files -of_objects [get_filesets sources_1] [list "*$file"]]
# set_property -name "file_type" -value "SystemVerilog" -objects $file_obj
# set file "rtl/pid.sv"
# set file_obj [get_files -of_objects [get_filesets sources_1] [list "*$file"]]
# set_property -name "file_type" -value "SystemVerilog" -objects $file_obj
# set file "rtl/pdm.sv"
# set file_obj [get_files -of_objects [get_filesets sources_1] [list "*$file"]]
# set_property -name "file_type" -value "SystemVerilog" -objects $file_obj
# set file "rtl/osc_trg.sv"
# set file_obj [get_files -of_objects [get_filesets sources_1] [list "*$file"]]
# set_property -name "file_type" -value "SystemVerilog" -objects $file_obj
# set file "rtl/osc.sv"
# set file_obj [get_files -of_objects [get_filesets sources_1] [list "*$file"]]
# set_property -name "file_type" -value "SystemVerilog" -objects $file_obj
# set file "rtl/old_la_top.sv"
# set file_obj [get_files -of_objects [get_filesets sources_1] [list "*$file"]]
# set_property -name "file_type" -value "SystemVerilog" -objects $file_obj
# set file "rtl/old_id.sv"
# set file_obj [get_files -of_objects [get_filesets sources_1] [list "*$file"]]
# set_property -name "file_type" -value "SystemVerilog" -objects $file_obj
# set file "rtl/old_asg_top.sv"
# set file_obj [get_files -of_objects [get_filesets sources_1] [list "*$file"]]
# set_property -name "file_type" -value "SystemVerilog" -objects $file_obj
# set file "rtl/old_asg.sv"
# set file_obj [get_files -of_objects [get_filesets sources_1] [list "*$file"]]
# set_property -name "file_type" -value "SystemVerilog" -objects $file_obj
# set file "rtl/old_acq.sv"
# set file_obj [get_files -of_objects [get_filesets sources_1] [list "*$file"]]
# set_property -name "file_type" -value "SystemVerilog" -objects $file_obj
# set file "rtl/muxctl.sv"
# set file_obj [get_files -of_objects [get_filesets sources_1] [list "*$file"]]
# set_property -name "file_type" -value "SystemVerilog" -objects $file_obj
# set file "rtl/mgmt.sv"
# set file_obj [get_files -of_objects [get_filesets sources_1] [list "*$file"]]
# set_property -name "file_type" -value "SystemVerilog" -objects $file_obj
# set file "rtl/lin_mul.sv"
# set file_obj [get_files -of_objects [get_filesets sources_1] [list "*$file"]]
# set_property -name "file_type" -value "SystemVerilog" -objects $file_obj
# set file "rtl/lin_add.sv"
# set file_obj [get_files -of_objects [get_filesets sources_1] [list "*$file"]]
# set_property -name "file_type" -value "SystemVerilog" -objects $file_obj
# set file "rtl/lg.sv"
# set file_obj [get_files -of_objects [get_filesets sources_1] [list "*$file"]]
# set_property -name "file_type" -value "SystemVerilog" -objects $file_obj
# set file "rtl/la_trg.sv"
# set file_obj [get_files -of_objects [get_filesets sources_1] [list "*$file"]]
# set_property -name "file_type" -value "SystemVerilog" -objects $file_obj
# set file "rtl/la.sv"
# set file_obj [get_files -of_objects [get_filesets sources_1] [list "*$file"]]
# set_property -name "file_type" -value "SystemVerilog" -objects $file_obj
# set file "interface/spi_if.sv"
# set file_obj [get_files -of_objects [get_filesets sources_1] [list "*$file"]]
# set_property -name "file_type" -value "SystemVerilog" -objects $file_obj
# set file "interface/axi4_stream_if.sv"
# set file_obj [get_files -of_objects [get_filesets sources_1] [list "*$file"]]
# set_property -name "file_type" -value "SystemVerilog" -objects $file_obj
# set file "interface/axi4_lite_if.sv"
# set file_obj [get_files -of_objects [get_filesets sources_1] [list "*$file"]]
# set_property -name "file_type" -value "SystemVerilog" -objects $file_obj
# set file "rtl/id.sv"
# set file_obj [get_files -of_objects [get_filesets sources_1] [list "*$file"]]
# set_property -name "file_type" -value "SystemVerilog" -objects $file_obj
# set file "rtl/gen.sv"
# set file_obj [get_files -of_objects [get_filesets sources_1] [list "*$file"]]
# set_property -name "file_type" -value "SystemVerilog" -objects $file_obj
# set file "rtl/evn_pkg.sv"
# set file_obj [get_files -of_objects [get_filesets sources_1] [list "*$file"]]
# set_property -name "file_type" -value "SystemVerilog" -objects $file_obj
# set file "rtl/debounce.sv"
# set file_obj [get_files -of_objects [get_filesets sources_1] [list "*$file"]]
# set_property -name "file_type" -value "SystemVerilog" -objects $file_obj
# set file "rtl/cts.sv"
# set file_obj [get_files -of_objects [get_filesets sources_1] [list "*$file"]]
# set_property -name "file_type" -value "SystemVerilog" -objects $file_obj
# set file "rtl/ctrg.sv"
# set file_obj [get_files -of_objects [get_filesets sources_1] [list "*$file"]]
# set_property -name "file_type" -value "SystemVerilog" -objects $file_obj
# set file "rtl/clkdiv.sv"
# set file_obj [get_files -of_objects [get_filesets sources_1] [list "*$file"]]
# set_property -name "file_type" -value "SystemVerilog" -objects $file_obj
# set file "rtl/clb.sv"
# set file_obj [get_files -of_objects [get_filesets sources_1] [list "*$file"]]
# set_property -name "file_type" -value "SystemVerilog" -objects $file_obj
# set file "classic/red_pitaya_pwm.sv"
# set file_obj [get_files -of_objects [get_filesets sources_1] [list "*$file"]]
# set_property -name "file_type" -value "SystemVerilog" -objects $file_obj
# set file "rtl/bin_and.sv"
# set file_obj [get_files -of_objects [get_filesets sources_1] [list "*$file"]]
# set_property -name "file_type" -value "SystemVerilog" -objects $file_obj
# set file "rtl/axi4_stream_reg.sv"
# set file_obj [get_files -of_objects [get_filesets sources_1] [list "*$file"]]
# set_property -name "file_type" -value "SystemVerilog" -objects $file_obj
# set file "rtl/axi4_stream_pas.sv"
# set file_obj [get_files -of_objects [get_filesets sources_1] [list "*$file"]]
# set_property -name "file_type" -value "SystemVerilog" -objects $file_obj
# set file "rtl/axi4_stream_mux.sv"
# set file_obj [get_files -of_objects [get_filesets sources_1] [list "*$file"]]
# set_property -name "file_type" -value "SystemVerilog" -objects $file_obj
# set file "rtl/axi4_stream_dly.sv"
# set file_obj [get_files -of_objects [get_filesets sources_1] [list "*$file"]]
# set_property -name "file_type" -value "SystemVerilog" -objects $file_obj
# set file "rtl/axi4_stream_demux.sv"
# set file_obj [get_files -of_objects [get_filesets sources_1] [list "*$file"]]
# set_property -name "file_type" -value "SystemVerilog" -objects $file_obj
# set file "rtl/axi4_stream_cnt.sv"
# set file_obj [get_files -of_objects [get_filesets sources_1] [list "*$file"]]
# set_property -name "file_type" -value "SystemVerilog" -objects $file_obj
# set file "rtl/asg_per.sv"
# set file_obj [get_files -of_objects [get_filesets sources_1] [list "*$file"]]
# set_property -name "file_type" -value "SystemVerilog" -objects $file_obj
# set file "rtl/asg_bst.sv"
# set file_obj [get_files -of_objects [get_filesets sources_1] [list "*$file"]]
# set_property -name "file_type" -value "SystemVerilog" -objects $file_obj
# set file "rtl/asg.sv"
# set file_obj [get_files -of_objects [get_filesets sources_1] [list "*$file"]]
# set_property -name "file_type" -value "SystemVerilog" -objects $file_obj
# set file "rtl/acq.sv"
# set file_obj [get_files -of_objects [get_filesets sources_1] [list "*$file"]]
# set_property -name "file_type" -value "SystemVerilog" -objects $file_obj
# set file "rtl/red_pitaya_top_Z20.sv"
# set file_obj [get_files -of_objects [get_filesets sources_1] [list "*$file"]]
# set_property -name "file_type" -value "SystemVerilog" -objects $file_obj
# set obj [get_filesets sources_1]
# set_property -name "top" -value "red_pitaya_top" -objects $obj
# set_property -name "top_auto_set" -value "0" -objects $obj
# if {[string equal [get_filesets -quiet constrs_1] ""]} {
#   create_fileset -constrset constrs_1
# }
# set obj [get_filesets constrs_1]
# set file "[file normalize ${origin_dir}/prj/v0.94/project/redpitaya.srcs/constrs_1/imports/fpga/sdc/red_pitaya.xdc]"
# set file_imported [import_files -fileset constrs_1 [list $file]]
# set file "sdc/red_pitaya.xdc"
# set file_obj [get_files -of_objects [get_filesets constrs_1] [list "*$file"]]
# set_property -name "file_type" -value "XDC" -objects $file_obj
# set file "[file normalize ${origin_dir}/prj/v0.94/project/redpitaya.srcs/constrs_1/imports/fpga/prj/v0.94/sdc/red_pitaya.xdc]"
WARNING: [filemgmt 20-354] The following file(s) were not imported. Local copy of file(s) already exists:
C:/Users/y.morgunov/workspace/A014-RedPitaya/RedPitaya/fpga/prj/v0.94/project/redpitaya.srcs/constrs_1/imports/fpga/prj/v0.94/sdc/red_pitaya.xdc
Hint: use the '-force' option to overwrite the local copies.
# set file_imported [import_files -fileset constrs_1 [list $file]]
# set file "sdc/red_pitaya.xdc"
# set file_obj [get_files -of_objects [get_filesets constrs_1] [list "*$file"]]
# set_property -name "file_type" -value "XDC" -objects $file_obj
# set obj [get_filesets constrs_1]
# set_property -name "target_part" -value "xc7z010clg400-1" -objects $obj
# if {[string equal [get_filesets -quiet sim_1] ""]} {
#   create_fileset -simset sim_1
# }
# set obj [get_filesets sim_1]
# set obj [get_filesets sim_1]
# set_property -name "hbs.configure_design_for_hier_access" -value "1" -objects $obj
# set_property -name "top" -value "red_pitaya_top" -objects $obj
# set_property -name "top_lib" -value "xil_defaultlib" -objects $obj
# set obj [get_filesets utils_1]
# set obj [get_filesets utils_1]
# if {[string equal [get_runs -quiet synth_1] ""]} {
#     create_run -name synth_1 -part xc7z010clg400-1 -flow {Vivado Synthesis 2020} -strategy "Vivado Synthesis Defaults" -report_strategy {No Reports} -constrset constrs_1
# } else {
#   set_property strategy "Vivado Synthesis Defaults" [get_runs synth_1]
#   set_property flow "Vivado Synthesis 2020" [get_runs synth_1]
# }
# set obj [get_runs synth_1]
# set_property set_report_strategy_name 1 $obj
# set_property report_strategy {Vivado Synthesis Default Reports} $obj
# set_property set_report_strategy_name 0 $obj
# if { [ string equal [get_report_configs -of_objects [get_runs synth_1] synth_1_synth_report_utilization_0] "" ] } {
#   create_report_config -report_name synth_1_synth_report_utilization_0 -report_type report_utilization:1.0 -steps synth_design -runs synth_1
# }
# set obj [get_report_configs -of_objects [get_runs synth_1] synth_1_synth_report_utilization_0]
# if { $obj != "" } {
# 
# }
# set obj [get_runs synth_1]
# set_property -name "needs_refresh" -value "1" -objects $obj
# set_property -name "part" -value "xc7z010clg400-1" -objects $obj
# set_property -name "strategy" -value "Vivado Synthesis Defaults" -objects $obj
# current_run -synthesis [get_runs synth_1]
# if {[string equal [get_runs -quiet impl_1] ""]} {
#     create_run -name impl_1 -part xc7z010clg400-1 -flow {Vivado Implementation 2020} -strategy "Vivado Implementation Defaults" -report_strategy {No Reports} -constrset constrs_1 -parent_run synth_1
# } else {
#   set_property strategy "Vivado Implementation Defaults" [get_runs impl_1]
#   set_property flow "Vivado Implementation 2020" [get_runs impl_1]
# }
# set obj [get_runs impl_1]
# set_property set_report_strategy_name 1 $obj
# set_property report_strategy {Vivado Implementation Default Reports} $obj
# set_property set_report_strategy_name 0 $obj
# if { [ string equal [get_report_configs -of_objects [get_runs impl_1] impl_1_init_report_timing_summary_0] "" ] } {
#   create_report_config -report_name impl_1_init_report_timing_summary_0 -report_type report_timing_summary:1.0 -steps init_design -runs impl_1
# }
# set obj [get_report_configs -of_objects [get_runs impl_1] impl_1_init_report_timing_summary_0]
# if { $obj != "" } {
# set_property -name "is_enabled" -value "0" -objects $obj
# set_property -name "options.max_paths" -value "10" -objects $obj
# 
# }
# if { [ string equal [get_report_configs -of_objects [get_runs impl_1] impl_1_opt_report_drc_0] "" ] } {
#   create_report_config -report_name impl_1_opt_report_drc_0 -report_type report_drc:1.0 -steps opt_design -runs impl_1
# }
# set obj [get_report_configs -of_objects [get_runs impl_1] impl_1_opt_report_drc_0]
# if { $obj != "" } {
# 
# }
# if { [ string equal [get_report_configs -of_objects [get_runs impl_1] impl_1_opt_report_timing_summary_0] "" ] } {
#   create_report_config -report_name impl_1_opt_report_timing_summary_0 -report_type report_timing_summary:1.0 -steps opt_design -runs impl_1
# }
# set obj [get_report_configs -of_objects [get_runs impl_1] impl_1_opt_report_timing_summary_0]
# if { $obj != "" } {
# set_property -name "is_enabled" -value "0" -objects $obj
# set_property -name "options.max_paths" -value "10" -objects $obj
# 
# }
# if { [ string equal [get_report_configs -of_objects [get_runs impl_1] impl_1_power_opt_report_timing_summary_0] "" ] } {
#   create_report_config -report_name impl_1_power_opt_report_timing_summary_0 -report_type report_timing_summary:1.0 -steps power_opt_design -runs impl_1
# }
# set obj [get_report_configs -of_objects [get_runs impl_1] impl_1_power_opt_report_timing_summary_0]
# if { $obj != "" } {
# set_property -name "is_enabled" -value "0" -objects $obj
# set_property -name "options.max_paths" -value "10" -objects $obj
# 
# }
# if { [ string equal [get_report_configs -of_objects [get_runs impl_1] impl_1_place_report_io_0] "" ] } {
#   create_report_config -report_name impl_1_place_report_io_0 -report_type report_io:1.0 -steps place_design -runs impl_1
# }
# set obj [get_report_configs -of_objects [get_runs impl_1] impl_1_place_report_io_0]
# if { $obj != "" } {
# 
# }
# if { [ string equal [get_report_configs -of_objects [get_runs impl_1] impl_1_place_report_utilization_0] "" ] } {
#   create_report_config -report_name impl_1_place_report_utilization_0 -report_type report_utilization:1.0 -steps place_design -runs impl_1
# }
# set obj [get_report_configs -of_objects [get_runs impl_1] impl_1_place_report_utilization_0]
# if { $obj != "" } {
# 
# }
# if { [ string equal [get_report_configs -of_objects [get_runs impl_1] impl_1_place_report_control_sets_0] "" ] } {
#   create_report_config -report_name impl_1_place_report_control_sets_0 -report_type report_control_sets:1.0 -steps place_design -runs impl_1
# }
# set obj [get_report_configs -of_objects [get_runs impl_1] impl_1_place_report_control_sets_0]
# if { $obj != "" } {
# set_property -name "options.verbose" -value "1" -objects $obj
# 
# }
# if { [ string equal [get_report_configs -of_objects [get_runs impl_1] impl_1_place_report_incremental_reuse_0] "" ] } {
#   create_report_config -report_name impl_1_place_report_incremental_reuse_0 -report_type report_incremental_reuse:1.0 -steps place_design -runs impl_1
# }
# set obj [get_report_configs -of_objects [get_runs impl_1] impl_1_place_report_incremental_reuse_0]
# if { $obj != "" } {
# set_property -name "is_enabled" -value "0" -objects $obj
# 
# }
# if { [ string equal [get_report_configs -of_objects [get_runs impl_1] impl_1_place_report_incremental_reuse_1] "" ] } {
#   create_report_config -report_name impl_1_place_report_incremental_reuse_1 -report_type report_incremental_reuse:1.0 -steps place_design -runs impl_1
# }
# set obj [get_report_configs -of_objects [get_runs impl_1] impl_1_place_report_incremental_reuse_1]
# if { $obj != "" } {
# set_property -name "is_enabled" -value "0" -objects $obj
# 
# }
# if { [ string equal [get_report_configs -of_objects [get_runs impl_1] impl_1_place_report_timing_summary_0] "" ] } {
#   create_report_config -report_name impl_1_place_report_timing_summary_0 -report_type report_timing_summary:1.0 -steps place_design -runs impl_1
# }
# set obj [get_report_configs -of_objects [get_runs impl_1] impl_1_place_report_timing_summary_0]
# if { $obj != "" } {
# set_property -name "is_enabled" -value "0" -objects $obj
# set_property -name "options.max_paths" -value "10" -objects $obj
# 
# }
# if { [ string equal [get_report_configs -of_objects [get_runs impl_1] impl_1_post_place_power_opt_report_timing_summary_0] "" ] } {
#   create_report_config -report_name impl_1_post_place_power_opt_report_timing_summary_0 -report_type report_timing_summary:1.0 -steps post_place_power_opt_design -runs impl_1
# }
# set obj [get_report_configs -of_objects [get_runs impl_1] impl_1_post_place_power_opt_report_timing_summary_0]
# if { $obj != "" } {
# set_property -name "is_enabled" -value "0" -objects $obj
# set_property -name "options.max_paths" -value "10" -objects $obj
# 
# }
# if { [ string equal [get_report_configs -of_objects [get_runs impl_1] impl_1_phys_opt_report_timing_summary_0] "" ] } {
#   create_report_config -report_name impl_1_phys_opt_report_timing_summary_0 -report_type report_timing_summary:1.0 -steps phys_opt_design -runs impl_1
# }
# set obj [get_report_configs -of_objects [get_runs impl_1] impl_1_phys_opt_report_timing_summary_0]
# if { $obj != "" } {
# set_property -name "is_enabled" -value "0" -objects $obj
# set_property -name "options.max_paths" -value "10" -objects $obj
# 
# }
# if { [ string equal [get_report_configs -of_objects [get_runs impl_1] impl_1_route_report_drc_0] "" ] } {
#   create_report_config -report_name impl_1_route_report_drc_0 -report_type report_drc:1.0 -steps route_design -runs impl_1
# }
# set obj [get_report_configs -of_objects [get_runs impl_1] impl_1_route_report_drc_0]
# if { $obj != "" } {
# 
# }
# if { [ string equal [get_report_configs -of_objects [get_runs impl_1] impl_1_route_report_methodology_0] "" ] } {
#   create_report_config -report_name impl_1_route_report_methodology_0 -report_type report_methodology:1.0 -steps route_design -runs impl_1
# }
# set obj [get_report_configs -of_objects [get_runs impl_1] impl_1_route_report_methodology_0]
# if { $obj != "" } {
# 
# }
# if { [ string equal [get_report_configs -of_objects [get_runs impl_1] impl_1_route_report_power_0] "" ] } {
#   create_report_config -report_name impl_1_route_report_power_0 -report_type report_power:1.0 -steps route_design -runs impl_1
# }
# set obj [get_report_configs -of_objects [get_runs impl_1] impl_1_route_report_power_0]
# if { $obj != "" } {
# 
# }
# if { [ string equal [get_report_configs -of_objects [get_runs impl_1] impl_1_route_report_route_status_0] "" ] } {
#   create_report_config -report_name impl_1_route_report_route_status_0 -report_type report_route_status:1.0 -steps route_design -runs impl_1
# }
# set obj [get_report_configs -of_objects [get_runs impl_1] impl_1_route_report_route_status_0]
# if { $obj != "" } {
# 
# }
# if { [ string equal [get_report_configs -of_objects [get_runs impl_1] impl_1_route_report_timing_summary_0] "" ] } {
#   create_report_config -report_name impl_1_route_report_timing_summary_0 -report_type report_timing_summary:1.0 -steps route_design -runs impl_1
# }
# set obj [get_report_configs -of_objects [get_runs impl_1] impl_1_route_report_timing_summary_0]
# if { $obj != "" } {
# set_property -name "options.max_paths" -value "10" -objects $obj
# 
# }
# if { [ string equal [get_report_configs -of_objects [get_runs impl_1] impl_1_route_report_incremental_reuse_0] "" ] } {
#   create_report_config -report_name impl_1_route_report_incremental_reuse_0 -report_type report_incremental_reuse:1.0 -steps route_design -runs impl_1
# }
# set obj [get_report_configs -of_objects [get_runs impl_1] impl_1_route_report_incremental_reuse_0]
# if { $obj != "" } {
# 
# }
# if { [ string equal [get_report_configs -of_objects [get_runs impl_1] impl_1_route_report_clock_utilization_0] "" ] } {
#   create_report_config -report_name impl_1_route_report_clock_utilization_0 -report_type report_clock_utilization:1.0 -steps route_design -runs impl_1
# }
# set obj [get_report_configs -of_objects [get_runs impl_1] impl_1_route_report_clock_utilization_0]
# if { $obj != "" } {
# 
# }
# if { [ string equal [get_report_configs -of_objects [get_runs impl_1] impl_1_route_report_bus_skew_0] "" ] } {
#   create_report_config -report_name impl_1_route_report_bus_skew_0 -report_type report_bus_skew:1.1 -steps route_design -runs impl_1
# }
# set obj [get_report_configs -of_objects [get_runs impl_1] impl_1_route_report_bus_skew_0]
# if { $obj != "" } {
# set_property -name "options.warn_on_violation" -value "1" -objects $obj
# 
# }
# if { [ string equal [get_report_configs -of_objects [get_runs impl_1] impl_1_post_route_phys_opt_report_timing_summary_0] "" ] } {
#   create_report_config -report_name impl_1_post_route_phys_opt_report_timing_summary_0 -report_type report_timing_summary:1.0 -steps post_route_phys_opt_design -runs impl_1
# }
# set obj [get_report_configs -of_objects [get_runs impl_1] impl_1_post_route_phys_opt_report_timing_summary_0]
# if { $obj != "" } {
# set_property -name "options.max_paths" -value "10" -objects $obj
# set_property -name "options.warn_on_violation" -value "1" -objects $obj
# 
# }
# if { [ string equal [get_report_configs -of_objects [get_runs impl_1] impl_1_post_route_phys_opt_report_bus_skew_0] "" ] } {
#   create_report_config -report_name impl_1_post_route_phys_opt_report_bus_skew_0 -report_type report_bus_skew:1.1 -steps post_route_phys_opt_design -runs impl_1
# }
# set obj [get_report_configs -of_objects [get_runs impl_1] impl_1_post_route_phys_opt_report_bus_skew_0]
# if { $obj != "" } {
# set_property -name "options.warn_on_violation" -value "1" -objects $obj
# 
# }
# set obj [get_runs impl_1]
# set_property -name "needs_refresh" -value "1" -objects $obj
# set_property -name "part" -value "xc7z010clg400-1" -objects $obj
# set_property -name "strategy" -value "Vivado Implementation Defaults" -objects $obj
# set_property -name "steps.write_bitstream.args.readback_file" -value "0" -objects $obj
# set_property -name "steps.write_bitstream.args.verbose" -value "0" -objects $obj
# current_run -implementation [get_runs impl_1]
# puts "INFO: Project created:${_xil_proj_name_}"
INFO: Project created:redpitaya
# if {[string equal [get_dashboard_gadgets  [ list "drc_1" ] ] ""]} {
# create_dashboard_gadget -name {drc_1} -type drc
# }
# set obj [get_dashboard_gadgets [ list "drc_1" ] ]
# set_property -name "reports" -value "impl_1#impl_1_route_report_drc_0" -objects $obj
# if {[string equal [get_dashboard_gadgets  [ list "methodology_1" ] ] ""]} {
# create_dashboard_gadget -name {methodology_1} -type methodology
# }
# set obj [get_dashboard_gadgets [ list "methodology_1" ] ]
# set_property -name "reports" -value "impl_1#impl_1_route_report_methodology_0" -objects $obj
# if {[string equal [get_dashboard_gadgets  [ list "power_1" ] ] ""]} {
# create_dashboard_gadget -name {power_1} -type power
# }
# set obj [get_dashboard_gadgets [ list "power_1" ] ]
# set_property -name "reports" -value "impl_1#impl_1_route_report_power_0" -objects $obj
# if {[string equal [get_dashboard_gadgets  [ list "timing_1" ] ] ""]} {
# create_dashboard_gadget -name {timing_1} -type timing
# }
# set obj [get_dashboard_gadgets [ list "timing_1" ] ]
# set_property -name "reports" -value "impl_1#impl_1_route_report_timing_summary_0" -objects $obj
# if {[string equal [get_dashboard_gadgets  [ list "utilization_1" ] ] ""]} {
# create_dashboard_gadget -name {utilization_1} -type utilization
# }
# set obj [get_dashboard_gadgets [ list "utilization_1" ] ]
# set_property -name "reports" -value "synth_1#synth_1_synth_report_utilization_0" -objects $obj
# set_property -name "run.step" -value "synth_design" -objects $obj
# set_property -name "run.type" -value "synthesis" -objects $obj
# if {[string equal [get_dashboard_gadgets  [ list "utilization_2" ] ] ""]} {
# create_dashboard_gadget -name {utilization_2} -type utilization
# }
# set obj [get_dashboard_gadgets [ list "utilization_2" ] ]
# set_property -name "reports" -value "impl_1#impl_1_place_report_utilization_0" -objects $obj
# move_dashboard_gadget -name {utilization_1} -row 0 -col 0
# move_dashboard_gadget -name {power_1} -row 1 -col 0
# move_dashboard_gadget -name {drc_1} -row 2 -col 0
# move_dashboard_gadget -name {timing_1} -row 0 -col 1
# move_dashboard_gadget -name {utilization_2} -row 1 -col 1
# move_dashboard_gadget -name {methodology_1} -row 2 -col 1
update_compile_order -fileset sources_1
exit
INFO: [Common 17-206] Exiting Vivado at Sat Mar  6 13:39:23 2021...
                                                                                                                                                                                                                                                                                                                                                                                                                                                                                                                                                                                                                                                                                                                                                                                                                                                                                                                                                                                                                                                                                                                                                                                                                                                                                                                                                                                                                                                                                                                                                                                                                                                                                                                                                                                                                                                                                                                                                                                                                                                                                                                                                                                                                                                                                                                                                                                                                                                                                                                                                                                                                                                                                                                                                                                                                                                                                                                                                                                                                                                                                                                                                                                                                                                                                                                                                                                                                                                                                                                                                                                                                                                                                                                                                                                                                                                                                                                                                                                                                                                                                                                                                                                                                                                                                                                                                                                                                                                                                                                                                                                                                                                                                                                                                                                                                                                                                                                                                                                                                                                                                                                                                                                                                                                                                                                                                                                                                                                                                                                                                                                                                                                                                                                                                                                                                                                                                                                                                                                                                                                                                                                                                                                                                                                                                                                                                                                                                                                                                                                                                                                                                                                                                                                                                                                                                                                                                                                                                                                                                                                                                                                                                                                                                                                                                                                                                                                                                                                                                                                                                                                                                                                                                                                                                                                                                                                                                                                                                                                                                                                                                                                                                                                                                                                                                                                                                                                                                                                                                                                                                                                                                                                                                                                                                                                                                                                                                                                                                                                                                                                                                                                                                                                                                                                                                                                                                                                                                                                                                                                                                                                                                                                                                                                                                                                                                                                                                                                                                                                                                                                                                                                                                                                                                                                                                                                                                                                                                                                                                                                                                                                                                                                                                                                                                                                                                                                                                                                                                                                                                                                                                                                                                                                                                                                                                                                                                                                                                                                                                                                                                                                                                                                                                                                                                                                                                                                                                                                                                                                                                                                                                                                                                                                                                                                                                                                                                                                                                                                                                                                                                                                                                                                                                                                                                                                                                                                                                                                                                                                                                                                                                                                                                                                                                                                                                                                                                                                                                                                                                                                                                                                                                                                                                                                                                                                                                                                                                                                                                                                                                                                                                                                                                                                                                                                                                                                                                                                                                                                                                                                                                                                                                                                                                                                                                                                                                                                                                                                                                                                                                                                                                                                                                                                                                                                                                                                                                                                                                                                                                                                                                                                                                                                                                                                                                                                                                                                                                                                                                                                                                                                                                                                                                                                                                                                                                                                                                                                                                                                                                                                                                                                                                                                                                                                                                                                                                                                                                                                                                                                                                                                                                                                                                                                                                                                                                                                                                                                                                                                                                                                                                                                                                                                                                                                                                                                                                                                                                                                                                                                                                                                                                                                                                                                                                                                                                                                                                                                                                                                                                                                                                                                                                                                                                                                                                                                                                                                                                                                                                                                                                                                                                                                                                                                                                                                                                                                                                                                                                                                                                                                                                                                                                                                                                                                                                                                                                                                                                                                                                                                                                                                                                                                                                                                                                                                                                                                                                                                                                                                                                                                                                                                                                                                                                                                                                                                                                                                                                                                                                                                                                                                                                                                                                                                                                                                                                                                                                                                                                                                                                                                                                                                                                                                                                                                                                                                                                                                                                                                                                                                                                                                                                                                                                                                                                                                                                                                                                                                                                                                                                                                                                                                                                                                                                                                                                                                                                                                                                                                                                                                                                                                                                                                                                                                                                                                                                                                                                                                                                                                                                                                                                                                                                                                                                                                                                                                                                                                                                                                                                                                                                                                                                                                                                                                                                                                                                                                                                                                                                                                                                                                                                                                                                                                                                                                                                                                                                                                                                                                                                                                                                                                                                                                                                                                                                                                                                                                                                                                                                                                                                                                                                                                                                                                                                                                                                                                                                                                                                                                                                                                                                                                                                                                                                                                                                                                                                                                                                                                                                                                                                                                                                                                                                                                                                                                                                                                                                                                                                                                                                                                                                                                                                                                                                                                                                                                                                                                                                                                                                                                                                                                                                                                                                                                                                                                                                                                                                                                                                                                                                                                                                                                                                                                                                                                                                                                                                                                                                                                                                                                                                                                                                                                                                                                                                                                                                                                                                                                                                                                                                                                                                                                                                                                                                                                                                                                                                                                                                                                                                                                                                                                                                                                                                                                                                                                                                                                                                                                                                                                                                                                                                                                                                                                                                                                                                                                                                                                                                                                                                                                                                                                                                                                                                                                                                                                                                                                                                                                                                                                                                                                                                                                                                                                                                                                                                                                                                                                                                                                                                                                                                                                                                                                                                                                                                                                                                                                                                                                                                                                                                                                                                                                                                                                                                                                                                                                                                                                                                                                                                                                                                                                                                                                                                                                                                                                                                                                                                                                                                                                                                                                                                                                                                                                                                                                                                                                                                                                                                                                                                                                                                                                                                                                                                                                                                                                                                                                                                                                                                                                                                                                                                                                                                                                                                                                                                                                                                                                                                                                                                                                                                                                                                                                                                                                                                                                                                                                                                                                                                                                                                                                                                                                                                                                                                                                                                                                                                                                                                                                                                                                                                                                                                                                                                                                                                                                                                                                                                                                                                                                                                                                                                                                                                                                                                                                                                                                                                                                                                                                                                                                                                                                                                                                                                                                                                                                                                                                                                                                                                                                                                                                                                                                                                                                                                                                                                                                                                                                                                                                                                                                                                                                                                                                                                                                                                                                                                                                                                                                                                                                                                                                                                                                                                                                                                                                                                                                                                                                                                                                                                                                                                                                                                                                                                                                                                                                                                                                                                                                                                                                                                                                                                                                                                                                                                                                                                                                         set_property SOURCE_SET sources_1 [get_filesets sim_1]
add_files -fileset sim_1 -norecurse C:/Users/y.morgunov/workspace/A014-RedPitaya/RedPitaya/fpga/prj/v0.94/tbn/red_pitaya_proc_tb.vhd
update_compile_order -fileset sim_1
write_project_tcl -force {C:/Users/y.morgunov/workspace/A014-RedPitaya/RedPitaya/fpga/red_pitaya_average_filter_Z10.tcl}
WARNING: [BD 41-176] The physical port 'S_AXI_GP2_rd_socket' specified in the portmap, is not found on the block! 
WARNING: [BD 41-176] The physical port 'S_AXI_GP2_wr_socket' specified in the portmap, is not found on the block! 
WARNING: [BD 41-176] The physical port 'S_AXI_GP3_rd_socket' specified in the portmap, is not found on the block! 
WARNING: [BD 41-176] The physical port 'S_AXI_GP3_wr_socket' specified in the portmap, is not found on the block! 
INFO: [BD 5-453] Writing out BD creation steps for system as a TCL proc
INFO: [Vivado-projutils-8] Tcl script 'red_pitaya_average_filter_Z10.tcl' generated in output directory 'C:/Users/y.morgunov/workspace/A014-RedPitaya/RedPitaya/fpga'

INFO: [Vivado-projutils-15] Please note that by default, the file path for the project source files were set wth respect to the 'origin_dir' variable in the
 generated script. When this script is executed from the output directory, these source files will be referenced with respect to this 'origin_dir' path value.
 In case this script was later moved to a different directory, the 'origin_dir' value must be set manually in the script with the path
 relative to the new output directory to make sure that the source files are referenced correctly from the original project. You can also set the
 'origin_dir' automatically by setting the 'origin_dir_loc' variable in the tcl shell before sourcing this generated script. The 'origin_dir_loc'
 variable should be set to the path relative to the new output directory. Alternatively, if you are sourcing the script from the Vivado command line,
 then set the origin dir using '-tclargs --origin_dir <path>'. For example, 'vivado -mode tcl -source red_pitaya_average_filter_Z10.tcl -tclargs --origin_dir ".."

WARNING: [Vivado-projutils-10] Found source(s) that were local or imported into the project. If this project is being source controlled, then
 please ensure that the project source(s) are also part of this source controlled data. The list of these local source(s) can be found in the generated script
 under the header section.

write_project_tcl: Time (s): cpu = 00:00:05 ; elapsed = 00:00:07 . Memory (MB): peak = 3214.449 ; gain = 0.000
