#-----------------------------------------------------------
# Vivado v2020.1 (64-bit)
# SW Build 2902540 on Wed May 27 19:54:49 MDT 2020
# IP Build 2902112 on Wed May 27 22:43:36 MDT 2020
# Start of session at: Fri Mar 26 22:24:29 2021
# Process ID: 14340
# Current directory: C:/Users/y.morgunov/workspace/A014-RedPitaya/RedPitaya/fpga
# Command line: vivado.exe -source red_pitaya_example_project_Z10.tcl -tclargs Simple Moving Average
# Log file: C:/Users/y.morgunov/workspace/A014-RedPitaya/RedPitaya/fpga/vivado.log
# Journal file: C:/Users/y.morgunov/workspace/A014-RedPitaya/RedPitaya/fpga\vivado.jou
#-----------------------------------------------------------
start_gui
source red_pitaya_example_project_Z10.tcl
# set prj_name [lindex $argv 0]
# puts "Project name: $prj_name"
Project name: Simple Moving Average
# cd prj/Examples/$prj_name
# set path_brd ../../../brd
# set path_rtl rtl
# set path_ip  ip
# set path_bd  project/redpitaya.srcs/sources_1/bd/system/hdl
# set path_sdc ../../../sdc
# set path_sdc_prj sdc
# set path_tbn tbn
# set_param board.repoPaths [list $path_brd]
# set part xc7z010clg400-1
# create_project -part $part -force redpitaya ./project
INFO: [ProjectBase 1-489] The host OS only allows 260 characters in a normal path. The project is stored in a path with more than 80 characters. If you experience issues with IP, Block Designs, or files not being found, please consider moving the project to a location with a shorter path. Alternately consider using the OS subst command to map part of the path to a drive letter.
Current project path is 'C:/Users/y.morgunov/workspace/A014-RedPitaya/RedPitaya/fpga/prj/Examples/Simple Moving Average/project'
INFO: [IP_Flow 19-234] Refreshing IP repositories
INFO: [IP_Flow 19-1704] No user IP repositories specified
INFO: [IP_Flow 19-2313] Loaded Vivado IP repository 'C:/Xilinx/Vivado/2020.1/data/ip'.
create_project: Time (s): cpu = 00:00:20 ; elapsed = 00:00:10 . Memory (MB): peak = 1025.324 ; gain = 0.000
# source                            $path_ip/systemZ10.tcl
## namespace eval _tcl {
## proc get_script_folder {} {
##    set script_path [file normalize [info script]]
##    set script_folder [file dirname $script_path]
##    return $script_folder
## }
## }
## variable script_folder
## set script_folder [_tcl::get_script_folder]
## set scripts_vivado_version 2020.1
## set current_vivado_version [version -short]
## if { [string first $scripts_vivado_version $current_vivado_version] == -1 } {
##    puts ""
##    catch {common::send_gid_msg -ssname BD::TCL -id 2041 -severity "ERROR" "This script was generated using Vivado <$scripts_vivado_version> and is being run in <$current_vivado_version> of Vivado. Please run the script in Vivado <$scripts_vivado_version> then open the design in Vivado <$current_vivado_version>. Upgrade the design by running \"Tools => Report => Report IP Status...\", then run write_bd_tcl to create an updated script."}
## 
##    return 1
## }
## set list_projs [get_projects -quiet]
## if { $list_projs eq "" } {
##    create_project project_1 myproj -part xc7z010clg400-1
## }
## variable design_name
## set design_name system
## set errMsg ""
## set nRet 0
## set cur_design [current_bd_design -quiet]
## set list_cells [get_bd_cells -quiet]
## if { ${design_name} eq "" } {
##    # USE CASES:
##    #    1) Design_name not set
## 
##    set errMsg "Please set the variable <design_name> to a non-empty value."
##    set nRet 1
## 
## } elseif { ${cur_design} ne "" && ${list_cells} eq "" } {
##    # USE CASES:
##    #    2): Current design opened AND is empty AND names same.
##    #    3): Current design opened AND is empty AND names diff; design_name NOT in project.
##    #    4): Current design opened AND is empty AND names diff; design_name exists in project.
## 
##    if { $cur_design ne $design_name } {
##       common::send_gid_msg -ssname BD::TCL -id 2001 -severity "INFO" "Changing value of <design_name> from <$design_name> to <$cur_design> since current design is empty."
##       set design_name [get_property NAME $cur_design]
##    }
##    common::send_gid_msg -ssname BD::TCL -id 2002 -severity "INFO" "Constructing design in IPI design <$cur_design>..."
## 
## } elseif { ${cur_design} ne "" && $list_cells ne "" && $cur_design eq $design_name } {
##    # USE CASES:
##    #    5) Current design opened AND has components AND same names.
## 
##    set errMsg "Design <$design_name> already exists in your project, please set the variable <design_name> to another value."
##    set nRet 1
## } elseif { [get_files -quiet ${design_name}.bd] ne "" } {
##    # USE CASES: 
##    #    6) Current opened design, has components, but diff names, design_name exists in project.
##    #    7) No opened design, design_name exists in project.
## 
##    set errMsg "Design <$design_name> already exists in your project, please set the variable <design_name> to another value."
##    set nRet 2
## 
## } else {
##    # USE CASES:
##    #    8) No opened design, design_name not in project.
##    #    9) Current opened design, has components, but diff names, design_name not in project.
## 
##    common::send_gid_msg -ssname BD::TCL -id 2003 -severity "INFO" "Currently there is no design <$design_name> in project, so creating one..."
## 
##    create_bd_design $design_name
## 
##    common::send_gid_msg -ssname BD::TCL -id 2004 -severity "INFO" "Making design <$design_name> as current_bd_design."
##    current_bd_design $design_name
## 
## }
INFO: [BD::TCL 103-2003] Currently there is no design <system> in project, so creating one...
Wrote  : <C:\Users\y.morgunov\workspace\A014-RedPitaya\RedPitaya\fpga\prj\Examples\Simple Moving Average\project\redpitaya.srcs\sources_1\bd\system\system.bd> 
INFO: [BD::TCL 103-2004] Making design <system> as current_bd_design.
## common::send_gid_msg -ssname BD::TCL -id 2005 -severity "INFO" "Currently the variable <design_name> is equal to \"$design_name\"."
INFO: [BD::TCL 103-2005] Currently the variable <design_name> is equal to "system".
## if { $nRet != 0 } {
##    catch {common::send_gid_msg -ssname BD::TCL -id 2006 -severity "ERROR" $errMsg}
##    return $nRet
## }
## set bCheckIPsPassed 1
## set bCheckIPs 1
## if { $bCheckIPs == 1 } {
##    set list_check_ips "\ 
## xilinx.com:ip:axi_protocol_converter:2.1\
## xilinx.com:ip:proc_sys_reset:5.0\
## xilinx.com:ip:processing_system7:5.5\
## xilinx.com:ip:xadc_wiz:3.3\
## xilinx.com:ip:xlconstant:1.1\
## "
## 
##    set list_ips_missing ""
##    common::send_gid_msg -ssname BD::TCL -id 2011 -severity "INFO" "Checking if the following IPs exist in the project's IP catalog: $list_check_ips ."
## 
##    foreach ip_vlnv $list_check_ips {
##       set ip_obj [get_ipdefs -all $ip_vlnv]
##       if { $ip_obj eq "" } {
##          lappend list_ips_missing $ip_vlnv
##       }
##    }
## 
##    if { $list_ips_missing ne "" } {
##       catch {common::send_gid_msg -ssname BD::TCL -id 2012 -severity "ERROR" "The following IPs are not found in the IP Catalog:\n  $list_ips_missing\n\nResolution: Please add the repository containing the IP(s) to the project." }
##       set bCheckIPsPassed 0
##    }
## 
## }
INFO: [BD::TCL 103-2011] Checking if the following IPs exist in the project's IP catalog:  
xilinx.com:ip:axi_protocol_converter:2.1 xilinx.com:ip:proc_sys_reset:5.0 xilinx.com:ip:processing_system7:5.5 xilinx.com:ip:xadc_wiz:3.3 xilinx.com:ip:xlconstant:1.1  .
## if { $bCheckIPsPassed != 1 } {
##   common::send_gid_msg -ssname BD::TCL -id 2023 -severity "WARNING" "Will not continue with creation of design due to the error(s) above."
##   return 3
## }
## proc create_root_design { parentCell } {
## 
##   variable script_folder
##   variable design_name
## 
##   if { $parentCell eq "" } {
##      set parentCell [get_bd_cells /]
##   }
## 
##   # Get object for parentCell
##   set parentObj [get_bd_cells $parentCell]
##   if { $parentObj == "" } {
##      catch {common::send_gid_msg -ssname BD::TCL -id 2090 -severity "ERROR" "Unable to find parent cell <$parentCell>!"}
##      return
##   }
## 
##   # Make sure parentObj is hier blk
##   set parentType [get_property TYPE $parentObj]
##   if { $parentType ne "hier" } {
##      catch {common::send_gid_msg -ssname BD::TCL -id 2091 -severity "ERROR" "Parent <$parentObj> has TYPE = <$parentType>. Expected to be <hier>."}
##      return
##   }
## 
##   # Save current instance; Restore later
##   set oldCurInst [current_bd_instance .]
## 
##   # Set parent object as current
##   current_bd_instance $parentObj
## 
## 
##   # Create interface ports
##   set DDR [ create_bd_intf_port -mode Master -vlnv xilinx.com:interface:ddrx_rtl:1.0 DDR ]
##   set FIXED_IO [ create_bd_intf_port -mode Master -vlnv xilinx.com:display_processing_system7:fixedio_rtl:1.0 FIXED_IO ]
##   set GPIO [ create_bd_intf_port -mode Master -vlnv xilinx.com:interface:gpio_rtl:1.0 GPIO ]
##   set M_AXI_GP0 [ create_bd_intf_port -mode Master -vlnv xilinx.com:interface:aximm_rtl:1.0 M_AXI_GP0 ]
##   set_property -dict [ list \
##    CONFIG.ADDR_WIDTH {32} \
##    CONFIG.DATA_WIDTH {32} \
##    CONFIG.FREQ_HZ {125000000} \
##    CONFIG.PROTOCOL {AXI3} \
##    ] $M_AXI_GP0
## 
##   set SPI0 [ create_bd_intf_port -mode Master -vlnv xilinx.com:interface:spi_rtl:1.0 SPI0 ]
##   set S_AXI_HP0 [ create_bd_intf_port -mode Slave -vlnv xilinx.com:interface:aximm_rtl:1.0 S_AXI_HP0 ]
##   set_property -dict [ list \
##    CONFIG.ADDR_WIDTH {32} \
##    CONFIG.ARUSER_WIDTH {0} \
##    CONFIG.AWUSER_WIDTH {0} \
##    CONFIG.BUSER_WIDTH {0} \
##    CONFIG.DATA_WIDTH {64} \
##    CONFIG.FREQ_HZ {125000000} \
##    CONFIG.HAS_BRESP {1} \
##    CONFIG.HAS_BURST {1} \
##    CONFIG.HAS_CACHE {1} \
##    CONFIG.HAS_LOCK {1} \
##    CONFIG.HAS_PROT {1} \
##    CONFIG.HAS_QOS {1} \
##    CONFIG.HAS_REGION {1} \
##    CONFIG.HAS_RRESP {1} \
##    CONFIG.HAS_WSTRB {1} \
##    CONFIG.ID_WIDTH {0} \
##    CONFIG.MAX_BURST_LENGTH {16} \
##    CONFIG.NUM_READ_OUTSTANDING {1} \
##    CONFIG.NUM_READ_THREADS {1} \
##    CONFIG.NUM_WRITE_OUTSTANDING {1} \
##    CONFIG.NUM_WRITE_THREADS {1} \
##    CONFIG.PHASE {0.000} \
##    CONFIG.PROTOCOL {AXI3} \
##    CONFIG.READ_WRITE_MODE {READ_WRITE} \
##    CONFIG.RUSER_BITS_PER_BYTE {0} \
##    CONFIG.RUSER_WIDTH {0} \
##    CONFIG.SUPPORTS_NARROW_BURST {1} \
##    CONFIG.WUSER_BITS_PER_BYTE {0} \
##    CONFIG.WUSER_WIDTH {0} \
##    ] $S_AXI_HP0
## 
##   set S_AXI_HP1 [ create_bd_intf_port -mode Slave -vlnv xilinx.com:interface:aximm_rtl:1.0 S_AXI_HP1 ]
##   set_property -dict [ list \
##    CONFIG.ADDR_WIDTH {32} \
##    CONFIG.ARUSER_WIDTH {0} \
##    CONFIG.AWUSER_WIDTH {0} \
##    CONFIG.BUSER_WIDTH {0} \
##    CONFIG.DATA_WIDTH {64} \
##    CONFIG.FREQ_HZ {125000000} \
##    CONFIG.HAS_BRESP {1} \
##    CONFIG.HAS_BURST {1} \
##    CONFIG.HAS_CACHE {1} \
##    CONFIG.HAS_LOCK {1} \
##    CONFIG.HAS_PROT {1} \
##    CONFIG.HAS_QOS {1} \
##    CONFIG.HAS_REGION {1} \
##    CONFIG.HAS_RRESP {1} \
##    CONFIG.HAS_WSTRB {1} \
##    CONFIG.ID_WIDTH {0} \
##    CONFIG.MAX_BURST_LENGTH {16} \
##    CONFIG.NUM_READ_OUTSTANDING {1} \
##    CONFIG.NUM_READ_THREADS {1} \
##    CONFIG.NUM_WRITE_OUTSTANDING {1} \
##    CONFIG.NUM_WRITE_THREADS {1} \
##    CONFIG.PHASE {0.000} \
##    CONFIG.PROTOCOL {AXI3} \
##    CONFIG.READ_WRITE_MODE {READ_WRITE} \
##    CONFIG.RUSER_BITS_PER_BYTE {0} \
##    CONFIG.RUSER_WIDTH {0} \
##    CONFIG.SUPPORTS_NARROW_BURST {1} \
##    CONFIG.WUSER_BITS_PER_BYTE {0} \
##    CONFIG.WUSER_WIDTH {0} \
##    ] $S_AXI_HP1
## 
##   set Vaux0 [ create_bd_intf_port -mode Slave -vlnv xilinx.com:interface:diff_analog_io_rtl:1.0 Vaux0 ]
##   set Vaux1 [ create_bd_intf_port -mode Slave -vlnv xilinx.com:interface:diff_analog_io_rtl:1.0 Vaux1 ]
##   set Vaux8 [ create_bd_intf_port -mode Slave -vlnv xilinx.com:interface:diff_analog_io_rtl:1.0 Vaux8 ]
##   set Vaux9 [ create_bd_intf_port -mode Slave -vlnv xilinx.com:interface:diff_analog_io_rtl:1.0 Vaux9 ]
##   set Vp_Vn [ create_bd_intf_port -mode Slave -vlnv xilinx.com:interface:diff_analog_io_rtl:1.0 Vp_Vn ]
## 
##   # Create ports
##   set FCLK_CLK0 [ create_bd_port -dir O -type clk FCLK_CLK0 ]
##   set FCLK_CLK1 [ create_bd_port -dir O -type clk FCLK_CLK1 ]
##   set FCLK_CLK2 [ create_bd_port -dir O -type clk FCLK_CLK2 ]
##   set FCLK_CLK3 [ create_bd_port -dir O -type clk FCLK_CLK3 ]
##   set FCLK_RESET0_N [ create_bd_port -dir O -type rst FCLK_RESET0_N ]
##   set FCLK_RESET1_N [ create_bd_port -dir O -type rst FCLK_RESET1_N ]
##   set FCLK_RESET2_N [ create_bd_port -dir O -type rst FCLK_RESET2_N ]
##   set FCLK_RESET3_N [ create_bd_port -dir O -type rst FCLK_RESET3_N ]
##   set M_AXI_GP0_ACLK [ create_bd_port -dir I -type clk -freq_hz 125000000 M_AXI_GP0_ACLK ]
##   set_property -dict [ list \
##    CONFIG.ASSOCIATED_BUSIF {M_AXI_GP0} \
##  ] $M_AXI_GP0_ACLK
##   set S_AXI_HP0_aclk [ create_bd_port -dir I -type clk -freq_hz 125000000 S_AXI_HP0_aclk ]
##   set S_AXI_HP1_aclk [ create_bd_port -dir I -type clk -freq_hz 125000000 S_AXI_HP1_aclk ]
## 
##   # Create instance: axi_protocol_converter_0, and set properties
##   set axi_protocol_converter_0 [ create_bd_cell -type ip -vlnv xilinx.com:ip:axi_protocol_converter:2.1 axi_protocol_converter_0 ]
## 
##   # Create instance: proc_sys_reset, and set properties
##   set proc_sys_reset [ create_bd_cell -type ip -vlnv xilinx.com:ip:proc_sys_reset:5.0 proc_sys_reset ]
##   set_property -dict [ list \
##    CONFIG.C_EXT_RST_WIDTH {1} \
##  ] $proc_sys_reset
## 
##   # Create instance: processing_system7, and set properties
##   set processing_system7 [ create_bd_cell -type ip -vlnv xilinx.com:ip:processing_system7:5.5 processing_system7 ]
##   set_property -dict [ list \
##    CONFIG.PCW_ACT_APU_PERIPHERAL_FREQMHZ {666.666687} \
##    CONFIG.PCW_ACT_CAN_PERIPHERAL_FREQMHZ {10.000000} \
##    CONFIG.PCW_ACT_DCI_PERIPHERAL_FREQMHZ {10.158730} \
##    CONFIG.PCW_ACT_ENET0_PERIPHERAL_FREQMHZ {125.000000} \
##    CONFIG.PCW_ACT_ENET1_PERIPHERAL_FREQMHZ {10.000000} \
##    CONFIG.PCW_ACT_FPGA0_PERIPHERAL_FREQMHZ {125.000000} \
##    CONFIG.PCW_ACT_FPGA1_PERIPHERAL_FREQMHZ {250.000000} \
##    CONFIG.PCW_ACT_FPGA2_PERIPHERAL_FREQMHZ {50.000000} \
##    CONFIG.PCW_ACT_FPGA3_PERIPHERAL_FREQMHZ {200.000000} \
##    CONFIG.PCW_ACT_PCAP_PERIPHERAL_FREQMHZ {200.000000} \
##    CONFIG.PCW_ACT_QSPI_PERIPHERAL_FREQMHZ {125.000000} \
##    CONFIG.PCW_ACT_SDIO_PERIPHERAL_FREQMHZ {100.000000} \
##    CONFIG.PCW_ACT_SMC_PERIPHERAL_FREQMHZ {10.000000} \
##    CONFIG.PCW_ACT_SPI_PERIPHERAL_FREQMHZ {200.000000} \
##    CONFIG.PCW_ACT_TPIU_PERIPHERAL_FREQMHZ {200.000000} \
##    CONFIG.PCW_ACT_TTC0_CLK0_PERIPHERAL_FREQMHZ {111.111115} \
##    CONFIG.PCW_ACT_TTC0_CLK1_PERIPHERAL_FREQMHZ {111.111115} \
##    CONFIG.PCW_ACT_TTC0_CLK2_PERIPHERAL_FREQMHZ {111.111115} \
##    CONFIG.PCW_ACT_TTC1_CLK0_PERIPHERAL_FREQMHZ {111.111115} \
##    CONFIG.PCW_ACT_TTC1_CLK1_PERIPHERAL_FREQMHZ {111.111115} \
##    CONFIG.PCW_ACT_TTC1_CLK2_PERIPHERAL_FREQMHZ {111.111115} \
##    CONFIG.PCW_ACT_UART_PERIPHERAL_FREQMHZ {100.000000} \
##    CONFIG.PCW_ACT_WDT_PERIPHERAL_FREQMHZ {111.111115} \
##    CONFIG.PCW_ARMPLL_CTRL_FBDIV {40} \
##    CONFIG.PCW_CAN_PERIPHERAL_DIVISOR0 {1} \
##    CONFIG.PCW_CAN_PERIPHERAL_DIVISOR1 {1} \
##    CONFIG.PCW_CLK0_FREQ {125000000} \
##    CONFIG.PCW_CLK1_FREQ {250000000} \
##    CONFIG.PCW_CLK2_FREQ {50000000} \
##    CONFIG.PCW_CLK3_FREQ {200000000} \
##    CONFIG.PCW_CPU_CPU_PLL_FREQMHZ {1333.333} \
##    CONFIG.PCW_CPU_PERIPHERAL_DIVISOR0 {2} \
##    CONFIG.PCW_DCI_PERIPHERAL_DIVISOR0 {15} \
##    CONFIG.PCW_DCI_PERIPHERAL_DIVISOR1 {7} \
##    CONFIG.PCW_DDRPLL_CTRL_FBDIV {32} \
##    CONFIG.PCW_DDR_DDR_PLL_FREQMHZ {1066.667} \
##    CONFIG.PCW_DDR_PERIPHERAL_DIVISOR0 {2} \
##    CONFIG.PCW_DDR_RAM_HIGHADDR {0x1FFFFFFF} \
##    CONFIG.PCW_ENET0_ENET0_IO {MIO 16 .. 27} \
##    CONFIG.PCW_ENET0_GRP_MDIO_ENABLE {1} \
##    CONFIG.PCW_ENET0_GRP_MDIO_IO {MIO 52 .. 53} \
##    CONFIG.PCW_ENET0_PERIPHERAL_CLKSRC {IO PLL} \
##    CONFIG.PCW_ENET0_PERIPHERAL_DIVISOR0 {8} \
##    CONFIG.PCW_ENET0_PERIPHERAL_DIVISOR1 {1} \
##    CONFIG.PCW_ENET0_PERIPHERAL_ENABLE {1} \
##    CONFIG.PCW_ENET0_PERIPHERAL_FREQMHZ {1000 Mbps} \
##    CONFIG.PCW_ENET0_RESET_ENABLE {0} \
##    CONFIG.PCW_ENET1_PERIPHERAL_DIVISOR0 {1} \
##    CONFIG.PCW_ENET1_PERIPHERAL_DIVISOR1 {1} \
##    CONFIG.PCW_ENET1_RESET_ENABLE {0} \
##    CONFIG.PCW_ENET_RESET_ENABLE {1} \
##    CONFIG.PCW_ENET_RESET_SELECT {Share reset pin} \
##    CONFIG.PCW_EN_CLK1_PORT {1} \
##    CONFIG.PCW_EN_CLK2_PORT {1} \
##    CONFIG.PCW_EN_CLK3_PORT {1} \
##    CONFIG.PCW_EN_EMIO_GPIO {1} \
##    CONFIG.PCW_EN_EMIO_SPI0 {1} \
##    CONFIG.PCW_EN_EMIO_SPI1 {0} \
##    CONFIG.PCW_EN_EMIO_TTC0 {1} \
##    CONFIG.PCW_EN_EMIO_UART0 {0} \
##    CONFIG.PCW_EN_ENET0 {1} \
##    CONFIG.PCW_EN_GPIO {1} \
##    CONFIG.PCW_EN_I2C0 {1} \
##    CONFIG.PCW_EN_QSPI {1} \
##    CONFIG.PCW_EN_RST1_PORT {1} \
##    CONFIG.PCW_EN_RST2_PORT {1} \
##    CONFIG.PCW_EN_RST3_PORT {1} \
##    CONFIG.PCW_EN_SDIO0 {1} \
##    CONFIG.PCW_EN_SPI0 {1} \
##    CONFIG.PCW_EN_SPI1 {1} \
##    CONFIG.PCW_EN_TTC0 {1} \
##    CONFIG.PCW_EN_UART0 {1} \
##    CONFIG.PCW_EN_UART1 {1} \
##    CONFIG.PCW_EN_USB0 {1} \
##    CONFIG.PCW_FCLK0_PERIPHERAL_DIVISOR0 {4} \
##    CONFIG.PCW_FCLK0_PERIPHERAL_DIVISOR1 {2} \
##    CONFIG.PCW_FCLK1_PERIPHERAL_DIVISOR0 {2} \
##    CONFIG.PCW_FCLK1_PERIPHERAL_DIVISOR1 {2} \
##    CONFIG.PCW_FCLK2_PERIPHERAL_DIVISOR0 {5} \
##    CONFIG.PCW_FCLK2_PERIPHERAL_DIVISOR1 {4} \
##    CONFIG.PCW_FCLK3_PERIPHERAL_DIVISOR0 {5} \
##    CONFIG.PCW_FCLK3_PERIPHERAL_DIVISOR1 {1} \
##    CONFIG.PCW_FCLK_CLK1_BUF {TRUE} \
##    CONFIG.PCW_FCLK_CLK2_BUF {TRUE} \
##    CONFIG.PCW_FCLK_CLK3_BUF {TRUE} \
##    CONFIG.PCW_FPGA0_PERIPHERAL_FREQMHZ {125} \
##    CONFIG.PCW_FPGA1_PERIPHERAL_FREQMHZ {250} \
##    CONFIG.PCW_FPGA3_PERIPHERAL_FREQMHZ {200} \
##    CONFIG.PCW_FPGA_FCLK0_ENABLE {1} \
##    CONFIG.PCW_FPGA_FCLK1_ENABLE {1} \
##    CONFIG.PCW_FPGA_FCLK2_ENABLE {1} \
##    CONFIG.PCW_FPGA_FCLK3_ENABLE {1} \
##    CONFIG.PCW_GPIO_EMIO_GPIO_ENABLE {1} \
##    CONFIG.PCW_GPIO_EMIO_GPIO_IO {24} \
##    CONFIG.PCW_GPIO_EMIO_GPIO_WIDTH {24} \
##    CONFIG.PCW_GPIO_MIO_GPIO_ENABLE {1} \
##    CONFIG.PCW_GPIO_MIO_GPIO_IO {MIO} \
##    CONFIG.PCW_I2C0_GRP_INT_ENABLE {0} \
##    CONFIG.PCW_I2C0_I2C0_IO {MIO 50 .. 51} \
##    CONFIG.PCW_I2C0_PERIPHERAL_ENABLE {1} \
##    CONFIG.PCW_I2C0_RESET_ENABLE {0} \
##    CONFIG.PCW_I2C1_RESET_ENABLE {0} \
##    CONFIG.PCW_I2C_PERIPHERAL_FREQMHZ {111.111115} \
##    CONFIG.PCW_I2C_RESET_ENABLE {1} \
##    CONFIG.PCW_I2C_RESET_SELECT {Share reset pin} \
##    CONFIG.PCW_IOPLL_CTRL_FBDIV {30} \
##    CONFIG.PCW_IO_IO_PLL_FREQMHZ {1000.000} \
##    CONFIG.PCW_IRQ_F2P_INTR {1} \
##    CONFIG.PCW_MIO_0_DIRECTION {inout} \
##    CONFIG.PCW_MIO_0_IOTYPE {LVCMOS 3.3V} \
##    CONFIG.PCW_MIO_0_PULLUP {enabled} \
##    CONFIG.PCW_MIO_0_SLEW {slow} \
##    CONFIG.PCW_MIO_10_DIRECTION {inout} \
##    CONFIG.PCW_MIO_10_IOTYPE {LVCMOS 3.3V} \
##    CONFIG.PCW_MIO_10_PULLUP {enabled} \
##    CONFIG.PCW_MIO_10_SLEW {slow} \
##    CONFIG.PCW_MIO_11_DIRECTION {inout} \
##    CONFIG.PCW_MIO_11_IOTYPE {LVCMOS 3.3V} \
##    CONFIG.PCW_MIO_11_PULLUP {enabled} \
##    CONFIG.PCW_MIO_11_SLEW {slow} \
##    CONFIG.PCW_MIO_12_DIRECTION {inout} \
##    CONFIG.PCW_MIO_12_IOTYPE {LVCMOS 3.3V} \
##    CONFIG.PCW_MIO_12_PULLUP {enabled} \
##    CONFIG.PCW_MIO_12_SLEW {slow} \
##    CONFIG.PCW_MIO_13_DIRECTION {inout} \
##    CONFIG.PCW_MIO_13_IOTYPE {LVCMOS 3.3V} \
##    CONFIG.PCW_MIO_13_PULLUP {enabled} \
##    CONFIG.PCW_MIO_13_SLEW {slow} \
##    CONFIG.PCW_MIO_14_DIRECTION {in} \
##    CONFIG.PCW_MIO_14_IOTYPE {LVCMOS 3.3V} \
##    CONFIG.PCW_MIO_14_PULLUP {enabled} \
##    CONFIG.PCW_MIO_14_SLEW {slow} \
##    CONFIG.PCW_MIO_15_DIRECTION {out} \
##    CONFIG.PCW_MIO_15_IOTYPE {LVCMOS 3.3V} \
##    CONFIG.PCW_MIO_15_PULLUP {enabled} \
##    CONFIG.PCW_MIO_15_SLEW {slow} \
##    CONFIG.PCW_MIO_16_DIRECTION {out} \
##    CONFIG.PCW_MIO_16_IOTYPE {LVCMOS 2.5V} \
##    CONFIG.PCW_MIO_16_PULLUP {disabled} \
##    CONFIG.PCW_MIO_16_SLEW {fast} \
##    CONFIG.PCW_MIO_17_DIRECTION {out} \
##    CONFIG.PCW_MIO_17_IOTYPE {LVCMOS 2.5V} \
##    CONFIG.PCW_MIO_17_PULLUP {disabled} \
##    CONFIG.PCW_MIO_17_SLEW {fast} \
##    CONFIG.PCW_MIO_18_DIRECTION {out} \
##    CONFIG.PCW_MIO_18_IOTYPE {LVCMOS 2.5V} \
##    CONFIG.PCW_MIO_18_PULLUP {disabled} \
##    CONFIG.PCW_MIO_18_SLEW {fast} \
##    CONFIG.PCW_MIO_19_DIRECTION {out} \
##    CONFIG.PCW_MIO_19_IOTYPE {LVCMOS 2.5V} \
##    CONFIG.PCW_MIO_19_PULLUP {disabled} \
##    CONFIG.PCW_MIO_19_SLEW {fast} \
##    CONFIG.PCW_MIO_1_DIRECTION {out} \
##    CONFIG.PCW_MIO_1_IOTYPE {LVCMOS 3.3V} \
##    CONFIG.PCW_MIO_1_PULLUP {enabled} \
##    CONFIG.PCW_MIO_1_SLEW {slow} \
##    CONFIG.PCW_MIO_20_DIRECTION {out} \
##    CONFIG.PCW_MIO_20_IOTYPE {LVCMOS 2.5V} \
##    CONFIG.PCW_MIO_20_PULLUP {disabled} \
##    CONFIG.PCW_MIO_20_SLEW {fast} \
##    CONFIG.PCW_MIO_21_DIRECTION {out} \
##    CONFIG.PCW_MIO_21_IOTYPE {LVCMOS 2.5V} \
##    CONFIG.PCW_MIO_21_PULLUP {disabled} \
##    CONFIG.PCW_MIO_21_SLEW {fast} \
##    CONFIG.PCW_MIO_22_DIRECTION {in} \
##    CONFIG.PCW_MIO_22_IOTYPE {LVCMOS 2.5V} \
##    CONFIG.PCW_MIO_22_PULLUP {disabled} \
##    CONFIG.PCW_MIO_22_SLEW {fast} \
##    CONFIG.PCW_MIO_23_DIRECTION {in} \
##    CONFIG.PCW_MIO_23_IOTYPE {LVCMOS 2.5V} \
##    CONFIG.PCW_MIO_23_PULLUP {disabled} \
##    CONFIG.PCW_MIO_23_SLEW {fast} \
##    CONFIG.PCW_MIO_24_DIRECTION {in} \
##    CONFIG.PCW_MIO_24_IOTYPE {LVCMOS 2.5V} \
##    CONFIG.PCW_MIO_24_PULLUP {disabled} \
##    CONFIG.PCW_MIO_24_SLEW {fast} \
##    CONFIG.PCW_MIO_25_DIRECTION {in} \
##    CONFIG.PCW_MIO_25_IOTYPE {LVCMOS 2.5V} \
##    CONFIG.PCW_MIO_25_PULLUP {disabled} \
##    CONFIG.PCW_MIO_25_SLEW {fast} \
##    CONFIG.PCW_MIO_26_DIRECTION {in} \
##    CONFIG.PCW_MIO_26_IOTYPE {LVCMOS 2.5V} \
##    CONFIG.PCW_MIO_26_PULLUP {disabled} \
##    CONFIG.PCW_MIO_26_SLEW {fast} \
##    CONFIG.PCW_MIO_27_DIRECTION {in} \
##    CONFIG.PCW_MIO_27_IOTYPE {LVCMOS 2.5V} \
##    CONFIG.PCW_MIO_27_PULLUP {disabled} \
##    CONFIG.PCW_MIO_27_SLEW {fast} \
##    CONFIG.PCW_MIO_28_DIRECTION {inout} \
##    CONFIG.PCW_MIO_28_IOTYPE {LVCMOS 2.5V} \
##    CONFIG.PCW_MIO_28_PULLUP {disabled} \
##    CONFIG.PCW_MIO_28_SLEW {fast} \
##    CONFIG.PCW_MIO_29_DIRECTION {in} \
##    CONFIG.PCW_MIO_29_IOTYPE {LVCMOS 2.5V} \
##    CONFIG.PCW_MIO_29_PULLUP {disabled} \
##    CONFIG.PCW_MIO_29_SLEW {fast} \
##    CONFIG.PCW_MIO_2_DIRECTION {inout} \
##    CONFIG.PCW_MIO_2_IOTYPE {LVCMOS 3.3V} \
##    CONFIG.PCW_MIO_2_PULLUP {disabled} \
##    CONFIG.PCW_MIO_2_SLEW {slow} \
##    CONFIG.PCW_MIO_30_DIRECTION {out} \
##    CONFIG.PCW_MIO_30_IOTYPE {LVCMOS 2.5V} \
##    CONFIG.PCW_MIO_30_PULLUP {disabled} \
##    CONFIG.PCW_MIO_30_SLEW {fast} \
##    CONFIG.PCW_MIO_31_DIRECTION {in} \
##    CONFIG.PCW_MIO_31_IOTYPE {LVCMOS 2.5V} \
##    CONFIG.PCW_MIO_31_PULLUP {disabled} \
##    CONFIG.PCW_MIO_31_SLEW {fast} \
##    CONFIG.PCW_MIO_32_DIRECTION {inout} \
##    CONFIG.PCW_MIO_32_IOTYPE {LVCMOS 2.5V} \
##    CONFIG.PCW_MIO_32_PULLUP {disabled} \
##    CONFIG.PCW_MIO_32_SLEW {fast} \
##    CONFIG.PCW_MIO_33_DIRECTION {inout} \
##    CONFIG.PCW_MIO_33_IOTYPE {LVCMOS 2.5V} \
##    CONFIG.PCW_MIO_33_PULLUP {disabled} \
##    CONFIG.PCW_MIO_33_SLEW {fast} \
##    CONFIG.PCW_MIO_34_DIRECTION {inout} \
##    CONFIG.PCW_MIO_34_IOTYPE {LVCMOS 2.5V} \
##    CONFIG.PCW_MIO_34_PULLUP {disabled} \
##    CONFIG.PCW_MIO_34_SLEW {fast} \
##    CONFIG.PCW_MIO_35_DIRECTION {inout} \
##    CONFIG.PCW_MIO_35_IOTYPE {LVCMOS 2.5V} \
##    CONFIG.PCW_MIO_35_PULLUP {disabled} \
##    CONFIG.PCW_MIO_35_SLEW {fast} \
##    CONFIG.PCW_MIO_36_DIRECTION {in} \
##    CONFIG.PCW_MIO_36_IOTYPE {LVCMOS 2.5V} \
##    CONFIG.PCW_MIO_36_PULLUP {disabled} \
##    CONFIG.PCW_MIO_36_SLEW {fast} \
##    CONFIG.PCW_MIO_37_DIRECTION {inout} \
##    CONFIG.PCW_MIO_37_IOTYPE {LVCMOS 2.5V} \
##    CONFIG.PCW_MIO_37_PULLUP {disabled} \
##    CONFIG.PCW_MIO_37_SLEW {fast} \
##    CONFIG.PCW_MIO_38_DIRECTION {inout} \
##    CONFIG.PCW_MIO_38_IOTYPE {LVCMOS 2.5V} \
##    CONFIG.PCW_MIO_38_PULLUP {disabled} \
##    CONFIG.PCW_MIO_38_SLEW {fast} \
##    CONFIG.PCW_MIO_39_DIRECTION {inout} \
##    CONFIG.PCW_MIO_39_IOTYPE {LVCMOS 2.5V} \
##    CONFIG.PCW_MIO_39_PULLUP {disabled} \
##    CONFIG.PCW_MIO_39_SLEW {fast} \
##    CONFIG.PCW_MIO_3_DIRECTION {inout} \
##    CONFIG.PCW_MIO_3_IOTYPE {LVCMOS 3.3V} \
##    CONFIG.PCW_MIO_3_PULLUP {disabled} \
##    CONFIG.PCW_MIO_3_SLEW {slow} \
##    CONFIG.PCW_MIO_40_DIRECTION {inout} \
##    CONFIG.PCW_MIO_40_IOTYPE {LVCMOS 2.5V} \
##    CONFIG.PCW_MIO_40_PULLUP {enabled} \
##    CONFIG.PCW_MIO_40_SLEW {slow} \
##    CONFIG.PCW_MIO_41_DIRECTION {inout} \
##    CONFIG.PCW_MIO_41_IOTYPE {LVCMOS 2.5V} \
##    CONFIG.PCW_MIO_41_PULLUP {enabled} \
##    CONFIG.PCW_MIO_41_SLEW {slow} \
##    CONFIG.PCW_MIO_42_DIRECTION {inout} \
##    CONFIG.PCW_MIO_42_IOTYPE {LVCMOS 2.5V} \
##    CONFIG.PCW_MIO_42_PULLUP {enabled} \
##    CONFIG.PCW_MIO_42_SLEW {slow} \
##    CONFIG.PCW_MIO_43_DIRECTION {inout} \
##    CONFIG.PCW_MIO_43_IOTYPE {LVCMOS 2.5V} \
##    CONFIG.PCW_MIO_43_PULLUP {enabled} \
##    CONFIG.PCW_MIO_43_SLEW {slow} \
##    CONFIG.PCW_MIO_44_DIRECTION {inout} \
##    CONFIG.PCW_MIO_44_IOTYPE {LVCMOS 2.5V} \
##    CONFIG.PCW_MIO_44_PULLUP {enabled} \
##    CONFIG.PCW_MIO_44_SLEW {slow} \
##    CONFIG.PCW_MIO_45_DIRECTION {inout} \
##    CONFIG.PCW_MIO_45_IOTYPE {LVCMOS 2.5V} \
##    CONFIG.PCW_MIO_45_PULLUP {enabled} \
##    CONFIG.PCW_MIO_45_SLEW {slow} \
##    CONFIG.PCW_MIO_46_DIRECTION {in} \
##    CONFIG.PCW_MIO_46_IOTYPE {LVCMOS 2.5V} \
##    CONFIG.PCW_MIO_46_PULLUP {enabled} \
##    CONFIG.PCW_MIO_46_SLEW {slow} \
##    CONFIG.PCW_MIO_47_DIRECTION {in} \
##    CONFIG.PCW_MIO_47_IOTYPE {LVCMOS 2.5V} \
##    CONFIG.PCW_MIO_47_PULLUP {enabled} \
##    CONFIG.PCW_MIO_47_SLEW {slow} \
##    CONFIG.PCW_MIO_48_DIRECTION {out} \
##    CONFIG.PCW_MIO_48_IOTYPE {LVCMOS 2.5V} \
##    CONFIG.PCW_MIO_48_PULLUP {enabled} \
##    CONFIG.PCW_MIO_48_SLEW {slow} \
##    CONFIG.PCW_MIO_49_DIRECTION {inout} \
##    CONFIG.PCW_MIO_49_IOTYPE {LVCMOS 2.5V} \
##    CONFIG.PCW_MIO_49_PULLUP {enabled} \
##    CONFIG.PCW_MIO_49_SLEW {slow} \
##    CONFIG.PCW_MIO_4_DIRECTION {inout} \
##    CONFIG.PCW_MIO_4_IOTYPE {LVCMOS 3.3V} \
##    CONFIG.PCW_MIO_4_PULLUP {disabled} \
##    CONFIG.PCW_MIO_4_SLEW {slow} \
##    CONFIG.PCW_MIO_50_DIRECTION {inout} \
##    CONFIG.PCW_MIO_50_IOTYPE {LVCMOS 2.5V} \
##    CONFIG.PCW_MIO_50_PULLUP {enabled} \
##    CONFIG.PCW_MIO_50_SLEW {slow} \
##    CONFIG.PCW_MIO_51_DIRECTION {inout} \
##    CONFIG.PCW_MIO_51_IOTYPE {LVCMOS 2.5V} \
##    CONFIG.PCW_MIO_51_PULLUP {enabled} \
##    CONFIG.PCW_MIO_51_SLEW {slow} \
##    CONFIG.PCW_MIO_52_DIRECTION {out} \
##    CONFIG.PCW_MIO_52_IOTYPE {LVCMOS 2.5V} \
##    CONFIG.PCW_MIO_52_PULLUP {enabled} \
##    CONFIG.PCW_MIO_52_SLEW {slow} \
##    CONFIG.PCW_MIO_53_DIRECTION {inout} \
##    CONFIG.PCW_MIO_53_IOTYPE {LVCMOS 2.5V} \
##    CONFIG.PCW_MIO_53_PULLUP {enabled} \
##    CONFIG.PCW_MIO_53_SLEW {slow} \
##    CONFIG.PCW_MIO_5_DIRECTION {inout} \
##    CONFIG.PCW_MIO_5_IOTYPE {LVCMOS 3.3V} \
##    CONFIG.PCW_MIO_5_PULLUP {disabled} \
##    CONFIG.PCW_MIO_5_SLEW {slow} \
##    CONFIG.PCW_MIO_6_DIRECTION {out} \
##    CONFIG.PCW_MIO_6_IOTYPE {LVCMOS 3.3V} \
##    CONFIG.PCW_MIO_6_PULLUP {disabled} \
##    CONFIG.PCW_MIO_6_SLEW {slow} \
##    CONFIG.PCW_MIO_7_DIRECTION {out} \
##    CONFIG.PCW_MIO_7_IOTYPE {LVCMOS 3.3V} \
##    CONFIG.PCW_MIO_7_PULLUP {disabled} \
##    CONFIG.PCW_MIO_7_SLEW {slow} \
##    CONFIG.PCW_MIO_8_DIRECTION {out} \
##    CONFIG.PCW_MIO_8_IOTYPE {LVCMOS 3.3V} \
##    CONFIG.PCW_MIO_8_PULLUP {disabled} \
##    CONFIG.PCW_MIO_8_SLEW {slow} \
##    CONFIG.PCW_MIO_9_DIRECTION {in} \
##    CONFIG.PCW_MIO_9_IOTYPE {LVCMOS 3.3V} \
##    CONFIG.PCW_MIO_9_PULLUP {enabled} \
##    CONFIG.PCW_MIO_9_SLEW {slow} \
##    CONFIG.PCW_MIO_TREE_PERIPHERALS {GPIO#Quad SPI Flash#Quad SPI Flash#Quad SPI Flash#Quad SPI Flash#Quad SPI Flash#Quad SPI Flash#GPIO#UART 1#UART 1#SPI 1#SPI 1#SPI 1#SPI 1#UART 0#UART 0#Enet 0#Enet 0#Enet 0#Enet 0#Enet 0#Enet 0#Enet 0#Enet 0#Enet 0#Enet 0#Enet 0#Enet 0#USB 0#USB 0#USB 0#USB 0#USB 0#USB 0#USB 0#USB 0#USB 0#USB 0#USB 0#USB 0#SD 0#SD 0#SD 0#SD 0#SD 0#SD 0#SD 0#SD 0#USB Reset#GPIO#I2C 0#I2C 0#Enet 0#Enet 0} \
##    CONFIG.PCW_MIO_TREE_SIGNALS {gpio[0]#qspi0_ss_b#qspi0_io[0]#qspi0_io[1]#qspi0_io[2]#qspi0_io[3]/HOLD_B#qspi0_sclk#gpio[7]#tx#rx#mosi#miso#sclk#ss[0]#rx#tx#tx_clk#txd[0]#txd[1]#txd[2]#txd[3]#tx_ctl#rx_clk#rxd[0]#rxd[1]#rxd[2]#rxd[3]#rx_ctl#data[4]#dir#stp#nxt#data[0]#data[1]#data[2]#data[3]#clk#data[5]#data[6]#data[7]#clk#cmd#data[0]#data[1]#data[2]#data[3]#cd#wp#reset#gpio[49]#scl#sda#mdc#mdio} \
##    CONFIG.PCW_NAND_GRP_D8_ENABLE {0} \
##    CONFIG.PCW_NAND_PERIPHERAL_ENABLE {0} \
##    CONFIG.PCW_NOR_GRP_A25_ENABLE {0} \
##    CONFIG.PCW_NOR_GRP_CS0_ENABLE {0} \
##    CONFIG.PCW_NOR_GRP_CS1_ENABLE {0} \
##    CONFIG.PCW_NOR_GRP_SRAM_CS0_ENABLE {0} \
##    CONFIG.PCW_NOR_GRP_SRAM_CS1_ENABLE {0} \
##    CONFIG.PCW_NOR_GRP_SRAM_INT_ENABLE {0} \
##    CONFIG.PCW_NOR_PERIPHERAL_ENABLE {0} \
##    CONFIG.PCW_PCAP_PERIPHERAL_DIVISOR0 {5} \
##    CONFIG.PCW_PRESET_BANK1_VOLTAGE {LVCMOS 2.5V} \
##    CONFIG.PCW_QSPI_GRP_FBCLK_ENABLE {0} \
##    CONFIG.PCW_QSPI_GRP_IO1_ENABLE {0} \
##    CONFIG.PCW_QSPI_GRP_SINGLE_SS_ENABLE {1} \
##    CONFIG.PCW_QSPI_GRP_SINGLE_SS_IO {MIO 1 .. 6} \
##    CONFIG.PCW_QSPI_GRP_SS1_ENABLE {0} \
##    CONFIG.PCW_QSPI_PERIPHERAL_CLKSRC {IO PLL} \
##    CONFIG.PCW_QSPI_PERIPHERAL_DIVISOR0 {8} \
##    CONFIG.PCW_QSPI_PERIPHERAL_ENABLE {1} \
##    CONFIG.PCW_QSPI_PERIPHERAL_FREQMHZ {125} \
##    CONFIG.PCW_QSPI_QSPI_IO {MIO 1 .. 6} \
##    CONFIG.PCW_SD0_GRP_CD_ENABLE {1} \
##    CONFIG.PCW_SD0_GRP_CD_IO {MIO 46} \
##    CONFIG.PCW_SD0_GRP_POW_ENABLE {0} \
##    CONFIG.PCW_SD0_GRP_WP_ENABLE {1} \
##    CONFIG.PCW_SD0_GRP_WP_IO {MIO 47} \
##    CONFIG.PCW_SD0_PERIPHERAL_ENABLE {1} \
##    CONFIG.PCW_SD0_SD0_IO {MIO 40 .. 45} \
##    CONFIG.PCW_SDIO_PERIPHERAL_DIVISOR0 {10} \
##    CONFIG.PCW_SDIO_PERIPHERAL_FREQMHZ {100} \
##    CONFIG.PCW_SDIO_PERIPHERAL_VALID {1} \
##    CONFIG.PCW_SINGLE_QSPI_DATA_MODE {x4} \
##    CONFIG.PCW_SMC_PERIPHERAL_DIVISOR0 {1} \
##    CONFIG.PCW_SPI0_GRP_SS0_ENABLE {1} \
##    CONFIG.PCW_SPI0_GRP_SS0_IO {EMIO} \
##    CONFIG.PCW_SPI0_GRP_SS1_ENABLE {1} \
##    CONFIG.PCW_SPI0_GRP_SS1_IO {EMIO} \
##    CONFIG.PCW_SPI0_GRP_SS2_ENABLE {1} \
##    CONFIG.PCW_SPI0_GRP_SS2_IO {EMIO} \
##    CONFIG.PCW_SPI0_PERIPHERAL_ENABLE {1} \
##    CONFIG.PCW_SPI0_SPI0_IO {EMIO} \
##    CONFIG.PCW_SPI1_GRP_SS0_ENABLE {1} \
##    CONFIG.PCW_SPI1_GRP_SS0_IO {MIO 13} \
##    CONFIG.PCW_SPI1_GRP_SS1_ENABLE {0} \
##    CONFIG.PCW_SPI1_GRP_SS2_ENABLE {0} \
##    CONFIG.PCW_SPI1_PERIPHERAL_ENABLE {1} \
##    CONFIG.PCW_SPI1_SPI1_IO {MIO 10 .. 15} \
##    CONFIG.PCW_SPI_PERIPHERAL_DIVISOR0 {5} \
##    CONFIG.PCW_SPI_PERIPHERAL_FREQMHZ {200} \
##    CONFIG.PCW_SPI_PERIPHERAL_VALID {1} \
##    CONFIG.PCW_TPIU_PERIPHERAL_DIVISOR0 {1} \
##    CONFIG.PCW_TTC0_CLK0_PERIPHERAL_FREQMHZ {133.333333} \
##    CONFIG.PCW_TTC0_CLK1_PERIPHERAL_FREQMHZ {133.333333} \
##    CONFIG.PCW_TTC0_CLK2_PERIPHERAL_FREQMHZ {133.333333} \
##    CONFIG.PCW_TTC0_PERIPHERAL_ENABLE {1} \
##    CONFIG.PCW_TTC0_TTC0_IO {EMIO} \
##    CONFIG.PCW_TTC_PERIPHERAL_FREQMHZ {50} \
##    CONFIG.PCW_UART0_GRP_FULL_ENABLE {0} \
##    CONFIG.PCW_UART0_PERIPHERAL_ENABLE {1} \
##    CONFIG.PCW_UART0_UART0_IO {MIO 14 .. 15} \
##    CONFIG.PCW_UART1_GRP_FULL_ENABLE {0} \
##    CONFIG.PCW_UART1_PERIPHERAL_ENABLE {1} \
##    CONFIG.PCW_UART1_UART1_IO {MIO 8 .. 9} \
##    CONFIG.PCW_UART_PERIPHERAL_DIVISOR0 {10} \
##    CONFIG.PCW_UART_PERIPHERAL_FREQMHZ {100} \
##    CONFIG.PCW_UART_PERIPHERAL_VALID {1} \
##    CONFIG.PCW_UIPARAM_ACT_DDR_FREQ_MHZ {533.333374} \
##    CONFIG.PCW_UIPARAM_DDR_BANK_ADDR_COUNT {3} \
##    CONFIG.PCW_UIPARAM_DDR_BUS_WIDTH {16 Bit} \
##    CONFIG.PCW_UIPARAM_DDR_CL {7} \
##    CONFIG.PCW_UIPARAM_DDR_COL_ADDR_COUNT {10} \
##    CONFIG.PCW_UIPARAM_DDR_CWL {6} \
##    CONFIG.PCW_UIPARAM_DDR_DEVICE_CAPACITY {4096 MBits} \
##    CONFIG.PCW_UIPARAM_DDR_DRAM_WIDTH {16 Bits} \
##    CONFIG.PCW_UIPARAM_DDR_ECC {Disabled} \
##    CONFIG.PCW_UIPARAM_DDR_PARTNO {MT41J256M16 RE-125} \
##    CONFIG.PCW_UIPARAM_DDR_ROW_ADDR_COUNT {15} \
##    CONFIG.PCW_UIPARAM_DDR_SPEED_BIN {DDR3_1066F} \
##    CONFIG.PCW_UIPARAM_DDR_T_FAW {40.0} \
##    CONFIG.PCW_UIPARAM_DDR_T_RAS_MIN {35.0} \
##    CONFIG.PCW_UIPARAM_DDR_T_RC {48.91} \
##    CONFIG.PCW_UIPARAM_DDR_T_RCD {7} \
##    CONFIG.PCW_UIPARAM_DDR_T_RP {7} \
##    CONFIG.PCW_USB0_PERIPHERAL_ENABLE {1} \
##    CONFIG.PCW_USB0_PERIPHERAL_FREQMHZ {60} \
##    CONFIG.PCW_USB0_RESET_ENABLE {1} \
##    CONFIG.PCW_USB0_RESET_IO {MIO 48} \
##    CONFIG.PCW_USB0_USB0_IO {MIO 28 .. 39} \
##    CONFIG.PCW_USB1_RESET_ENABLE {0} \
##    CONFIG.PCW_USB_RESET_ENABLE {1} \
##    CONFIG.PCW_USB_RESET_SELECT {Share reset pin} \
##    CONFIG.PCW_USE_FABRIC_INTERRUPT {1} \
##    CONFIG.PCW_USE_M_AXI_GP1 {1} \
##    CONFIG.PCW_USE_S_AXI_HP0 {1} \
##    CONFIG.PCW_USE_S_AXI_HP1 {1} \
##  ] $processing_system7
## 
##   # Create instance: xadc, and set properties
##   set xadc [ create_bd_cell -type ip -vlnv xilinx.com:ip:xadc_wiz:3.3 xadc ]
##   set_property -dict [ list \
##    CONFIG.CHANNEL_ENABLE_VAUXP0_VAUXN0 {true} \
##    CONFIG.CHANNEL_ENABLE_VAUXP1_VAUXN1 {true} \
##    CONFIG.CHANNEL_ENABLE_VAUXP8_VAUXN8 {true} \
##    CONFIG.CHANNEL_ENABLE_VAUXP9_VAUXN9 {true} \
##    CONFIG.CHANNEL_ENABLE_VP_VN {true} \
##    CONFIG.ENABLE_AXI4STREAM {false} \
##    CONFIG.ENABLE_RESET {false} \
##    CONFIG.EXTERNAL_MUX_CHANNEL {VP_VN} \
##    CONFIG.INTERFACE_SELECTION {Enable_AXI} \
##    CONFIG.SEQUENCER_MODE {Off} \
##    CONFIG.SINGLE_CHANNEL_SELECTION {TEMPERATURE} \
##    CONFIG.XADC_STARUP_SELECTION {independent_adc} \
##  ] $xadc
## 
##   # Create instance: xlconstant, and set properties
##   set xlconstant [ create_bd_cell -type ip -vlnv xilinx.com:ip:xlconstant:1.1 xlconstant ]
## 
##   # Create interface connections
##   connect_bd_intf_net -intf_net Vaux0_1 [get_bd_intf_ports Vaux0] [get_bd_intf_pins xadc/Vaux0]
##   connect_bd_intf_net -intf_net Vaux1_1 [get_bd_intf_ports Vaux1] [get_bd_intf_pins xadc/Vaux1]
##   connect_bd_intf_net -intf_net Vaux8_1 [get_bd_intf_ports Vaux8] [get_bd_intf_pins xadc/Vaux8]
##   connect_bd_intf_net -intf_net Vaux9_1 [get_bd_intf_ports Vaux9] [get_bd_intf_pins xadc/Vaux9]
##   connect_bd_intf_net -intf_net Vp_Vn_1 [get_bd_intf_ports Vp_Vn] [get_bd_intf_pins xadc/Vp_Vn]
##   connect_bd_intf_net -intf_net axi_protocol_converter_0_M_AXI [get_bd_intf_pins axi_protocol_converter_0/M_AXI] [get_bd_intf_pins xadc/s_axi_lite]
##   connect_bd_intf_net -intf_net processing_system7_0_M_AXI_GP0 [get_bd_intf_ports M_AXI_GP0] [get_bd_intf_pins processing_system7/M_AXI_GP0]
##   connect_bd_intf_net -intf_net processing_system7_0_M_AXI_GP1 [get_bd_intf_pins axi_protocol_converter_0/S_AXI] [get_bd_intf_pins processing_system7/M_AXI_GP1]
##   connect_bd_intf_net -intf_net processing_system7_0_ddr [get_bd_intf_ports DDR] [get_bd_intf_pins processing_system7/DDR]
##   connect_bd_intf_net -intf_net processing_system7_0_fixed_io [get_bd_intf_ports FIXED_IO] [get_bd_intf_pins processing_system7/FIXED_IO]
##   connect_bd_intf_net -intf_net processing_system7_GPIO_0 [get_bd_intf_ports GPIO] [get_bd_intf_pins processing_system7/GPIO_0]
##   connect_bd_intf_net -intf_net processing_system7_SPI_0 [get_bd_intf_ports SPI0] [get_bd_intf_pins processing_system7/SPI_0]
##   connect_bd_intf_net -intf_net s_axi_hp0_1 [get_bd_intf_ports S_AXI_HP0] [get_bd_intf_pins processing_system7/S_AXI_HP0]
##   connect_bd_intf_net -intf_net s_axi_hp1_1 [get_bd_intf_ports S_AXI_HP1] [get_bd_intf_pins processing_system7/S_AXI_HP1]
## 
##   # Create port connections
##   connect_bd_net -net m_axi_gp0_aclk_1 [get_bd_ports M_AXI_GP0_ACLK] [get_bd_pins processing_system7/M_AXI_GP0_ACLK]
##   connect_bd_net -net proc_sys_reset_0_interconnect_aresetn [get_bd_pins axi_protocol_converter_0/aresetn] [get_bd_pins proc_sys_reset/interconnect_aresetn]
##   connect_bd_net -net proc_sys_reset_0_peripheral_aresetn [get_bd_pins proc_sys_reset/peripheral_aresetn] [get_bd_pins xadc/s_axi_aresetn]
##   connect_bd_net -net processing_system7_0_fclk_clk0 [get_bd_ports FCLK_CLK0] [get_bd_pins processing_system7/FCLK_CLK0]
##   connect_bd_net -net processing_system7_0_fclk_clk1 [get_bd_ports FCLK_CLK1] [get_bd_pins processing_system7/FCLK_CLK1]
##   connect_bd_net -net processing_system7_0_fclk_clk2 [get_bd_ports FCLK_CLK2] [get_bd_pins processing_system7/FCLK_CLK2]
##   connect_bd_net -net processing_system7_0_fclk_clk3 [get_bd_ports FCLK_CLK3] [get_bd_pins axi_protocol_converter_0/aclk] [get_bd_pins proc_sys_reset/slowest_sync_clk] [get_bd_pins processing_system7/FCLK_CLK3] [get_bd_pins processing_system7/M_AXI_GP1_ACLK] [get_bd_pins xadc/s_axi_aclk]
##   connect_bd_net -net processing_system7_0_fclk_reset0_n [get_bd_ports FCLK_RESET0_N] [get_bd_pins processing_system7/FCLK_RESET0_N]
##   connect_bd_net -net processing_system7_0_fclk_reset1_n [get_bd_ports FCLK_RESET1_N] [get_bd_pins processing_system7/FCLK_RESET1_N]
##   connect_bd_net -net processing_system7_0_fclk_reset2_n [get_bd_ports FCLK_RESET2_N] [get_bd_pins processing_system7/FCLK_RESET2_N]
##   connect_bd_net -net processing_system7_0_fclk_reset3_n [get_bd_ports FCLK_RESET3_N] [get_bd_pins proc_sys_reset/ext_reset_in] [get_bd_pins processing_system7/FCLK_RESET3_N]
##   connect_bd_net -net s_axi_hp0_aclk [get_bd_ports S_AXI_HP0_aclk] [get_bd_pins processing_system7/S_AXI_HP0_ACLK]
##   connect_bd_net -net s_axi_hp1_aclk [get_bd_ports S_AXI_HP1_aclk] [get_bd_pins processing_system7/S_AXI_HP1_ACLK]
##   connect_bd_net -net xadc_ip2intc_irpt [get_bd_pins processing_system7/IRQ_F2P] [get_bd_pins xadc/ip2intc_irpt]
##   connect_bd_net -net xlconstant_dout [get_bd_pins proc_sys_reset/aux_reset_in] [get_bd_pins xlconstant/dout]
## 
##   # Create address segments
##   assign_bd_address -offset 0x40000000 -range 0x40000000 -target_address_space [get_bd_addr_spaces processing_system7/Data] [get_bd_addr_segs M_AXI_GP0/Reg] -force
##   assign_bd_address -offset 0x83C00000 -range 0x00010000 -target_address_space [get_bd_addr_spaces processing_system7/Data] [get_bd_addr_segs xadc/s_axi_lite/Reg] -force
##   assign_bd_address -offset 0x00000000 -range 0x20000000 -target_address_space [get_bd_addr_spaces S_AXI_HP0] [get_bd_addr_segs processing_system7/S_AXI_HP0/HP0_DDR_LOWOCM] -force
##   assign_bd_address -offset 0x00000000 -range 0x20000000 -target_address_space [get_bd_addr_spaces S_AXI_HP1] [get_bd_addr_segs processing_system7/S_AXI_HP1/HP1_DDR_LOWOCM] -force
## 
## 
##   # Restore current instance
##   current_bd_instance $oldCurInst
## 
##   validate_bd_design
##   save_bd_design
## }
## create_root_design ""
WARNING: [BD 41-176] The physical port 'S_AXI_GP2_rd_socket' specified in the portmap, is not found on the block! 
WARNING: [BD 41-176] The physical port 'S_AXI_GP2_wr_socket' specified in the portmap, is not found on the block! 
WARNING: [BD 41-176] The physical port 'S_AXI_GP3_rd_socket' specified in the portmap, is not found on the block! 
WARNING: [BD 41-176] The physical port 'S_AXI_GP3_wr_socket' specified in the portmap, is not found on the block! 
WARNING: [BD 41-176] The physical port 'S_AXI_GP2_rd_socket' specified in the portmap, is not found on the block! 
WARNING: [BD 41-176] The physical port 'S_AXI_GP2_wr_socket' specified in the portmap, is not found on the block! 
WARNING: [BD 41-176] The physical port 'S_AXI_GP3_rd_socket' specified in the portmap, is not found on the block! 
WARNING: [BD 41-176] The physical port 'S_AXI_GP3_wr_socket' specified in the portmap, is not found on the block! 
INFO: [Device 21-403] Loading part xc7z010clg400-1
create_bd_cell: Time (s): cpu = 00:00:06 ; elapsed = 00:00:07 . Memory (MB): peak = 1178.625 ; gain = 153.301
Slave segment '/M_AXI_GP0/Reg' is being assigned into address space '/processing_system7/Data' at <0x4000_0000 [ 1G ]>.
Slave segment '/xadc/s_axi_lite/Reg' is being assigned into address space '/processing_system7/Data' at <0x83C0_0000 [ 64K ]>.
Slave segment '/processing_system7/S_AXI_HP0/HP0_DDR_LOWOCM' is being assigned into address space '/S_AXI_HP0' at <0x0000_0000 [ 512M ]>.
Slave segment '/processing_system7/S_AXI_HP1/HP1_DDR_LOWOCM' is being assigned into address space '/S_AXI_HP1' at <0x0000_0000 [ 512M ]>.
WARNING: [BD 41-176] The physical port 'S_AXI_GP2_rd_socket' specified in the portmap, is not found on the block! 
WARNING: [BD 41-176] The physical port 'S_AXI_GP2_wr_socket' specified in the portmap, is not found on the block! 
WARNING: [BD 41-176] The physical port 'S_AXI_GP3_rd_socket' specified in the portmap, is not found on the block! 
WARNING: [BD 41-176] The physical port 'S_AXI_GP3_wr_socket' specified in the portmap, is not found on the block! 
WARNING: [#UNDEF] When using EMIO pins for SPI_0 tie SSIN High in the PL bitstream
WARNING: [BD 41-927] Following properties on pin /xadc/s_axi_aclk have been updated from connected ip, but BD cell '/xadc' does not accept parameter changes, so they may not be synchronized with cell properties:
	FREQ_HZ = 200000000 
Please resolve any mismatches by directly setting properties on BD cell </xadc> to completely resolve these warnings.
Wrote  : <C:\Users\y.morgunov\workspace\A014-RedPitaya\RedPitaya\fpga\prj\Examples\Simple Moving Average\project\redpitaya.srcs\sources_1\bd\system\system.bd> 
Wrote  : <C:/Users/y.morgunov/workspace/A014-RedPitaya/RedPitaya/fpga/prj/Examples/Simple Moving Average/project/redpitaya.srcs/sources_1/bd/system/ui/bd_c954508f.ui> 
# generate_target all [get_files    system.bd]
INFO: [BD 41-1662] The design 'system.bd' is already validated. Therefore parameter propagation will not be re-run.
VHDL Output written to : C:/Users/y.morgunov/workspace/A014-RedPitaya/RedPitaya/fpga/prj/Examples/Simple Moving Average/project/redpitaya.srcs/sources_1/bd/system/synth/system.v
VHDL Output written to : C:/Users/y.morgunov/workspace/A014-RedPitaya/RedPitaya/fpga/prj/Examples/Simple Moving Average/project/redpitaya.srcs/sources_1/bd/system/sim/system.v
VHDL Output written to : C:/Users/y.morgunov/workspace/A014-RedPitaya/RedPitaya/fpga/prj/Examples/Simple Moving Average/project/redpitaya.srcs/sources_1/bd/system/hdl/system_wrapper.v
WARNING: [IP_Flow 19-4994] Overwriting existing constraint file 'c:/Users/y.morgunov/workspace/A014-RedPitaya/RedPitaya/fpga/prj/Examples/Simple Moving Average/project/redpitaya.srcs/sources_1/bd/system/ip/system_axi_protocol_converter_0_0/system_axi_protocol_converter_0_0_ooc.xdc'
INFO: [BD 41-1029] Generation completed for the IP Integrator block axi_protocol_converter_0 .
INFO: [BD 41-1029] Generation completed for the IP Integrator block proc_sys_reset .
WARNING: [IP_Flow 19-5611] Unable to find an associated reset port for the interface 'M_AXI_GP0'. A default connection has been created.
WARNING: [IP_Flow 19-5611] Unable to find an associated reset port for the interface 'M_AXI_GP1'. A default connection has been created.
WARNING: [IP_Flow 19-5611] Unable to find an associated reset port for the interface 'S_AXI_HP0'. A default connection has been created.
WARNING: [IP_Flow 19-5611] Unable to find an associated reset port for the interface 'S_AXI_HP1'. A default connection has been created.
INFO: [BD 41-1029] Generation completed for the IP Integrator block processing_system7 .
INFO: [BD 41-1029] Generation completed for the IP Integrator block xadc .
INFO: [BD 41-1029] Generation completed for the IP Integrator block xlconstant .
Exporting to file C:/Users/y.morgunov/workspace/A014-RedPitaya/RedPitaya/fpga/prj/Examples/Simple Moving Average/project/redpitaya.srcs/sources_1/bd/system/hw_handoff/system.hwh
Generated Block Design Tcl file C:/Users/y.morgunov/workspace/A014-RedPitaya/RedPitaya/fpga/prj/Examples/Simple Moving Average/project/redpitaya.srcs/sources_1/bd/system/hw_handoff/system_bd.tcl
Generated Hardware Definition File C:/Users/y.morgunov/workspace/A014-RedPitaya/RedPitaya/fpga/prj/Examples/Simple Moving Average/project/redpitaya.srcs/sources_1/bd/system/synth/system.hwdef
generate_target: Time (s): cpu = 00:00:53 ; elapsed = 00:00:53 . Memory (MB): peak = 1199.891 ; gain = 21.266
# add_files                         ../../../$path_rtl
# add_files                         $path_rtl
# add_files                         $path_bd
# update_files -from_files $path_rtl/red_pitaya_scope.v -to_files ../../../$path_rtl/classic/red_pitaya_scope.v -filesets [get_filesets *]
INFO: [filemgmt 20-762] Replacing file 'c:/Users/y.morgunov/workspace/A014-RedPitaya/RedPitaya/fpga/rtl/classic/red_pitaya_scope.v' with file 'c:/Users/y.morgunov/workspace/A014-RedPitaya/RedPitaya/fpga/prj/Examples/Simple Moving Average/rtl/red_pitaya_scope.v'.
# add_files -fileset sim_1 -norecurse $path_tbn/red_pitaya_proc_tb.vhd
# add_files -fileset constrs_1      $path_sdc/red_pitaya.xdc
# add_files -fileset constrs_1      $path_sdc_prj/red_pitaya.xdc
# import_files -force
INFO: [filemgmt 20-348] Importing the appropriate files for fileset: 'constrs_1'
INFO: [filemgmt 20-348] Importing the appropriate files for fileset: 'sim_1'
INFO: [filemgmt 20-348] Importing the appropriate files for fileset: 'sources_1'
# set_property top red_pitaya_top [current_fileset]
# update_compile_order -fileset sources_1
update_compile_order -fileset sources_1
update_compile_order -fileset sim_1
launch_runs impl_1 -to_step write_bitstream -jobs 4
[Fri Mar 26 22:26:33 2021] Launched system_proc_sys_reset_0_synth_1, system_xadc_0_synth_1, system_processing_system7_0_synth_1, system_axi_protocol_converter_0_0_synth_1, synth_1...
Run output will be captured here:
system_proc_sys_reset_0_synth_1: C:/Users/y.morgunov/workspace/A014-RedPitaya/RedPitaya/fpga/prj/Examples/Simple Moving Average/project/redpitaya.runs/system_proc_sys_reset_0_synth_1/runme.log
system_xadc_0_synth_1: C:/Users/y.morgunov/workspace/A014-RedPitaya/RedPitaya/fpga/prj/Examples/Simple Moving Average/project/redpitaya.runs/system_xadc_0_synth_1/runme.log
system_processing_system7_0_synth_1: C:/Users/y.morgunov/workspace/A014-RedPitaya/RedPitaya/fpga/prj/Examples/Simple Moving Average/project/redpitaya.runs/system_processing_system7_0_synth_1/runme.log
system_axi_protocol_converter_0_0_synth_1: C:/Users/y.morgunov/workspace/A014-RedPitaya/RedPitaya/fpga/prj/Examples/Simple Moving Average/project/redpitaya.runs/system_axi_protocol_converter_0_0_synth_1/runme.log
synth_1: C:/Users/y.morgunov/workspace/A014-RedPitaya/RedPitaya/fpga/prj/Examples/Simple Moving Average/project/redpitaya.runs/synth_1/runme.log
[Fri Mar 26 22:26:34 2021] Launched impl_1...
Run output will be captured here: C:/Users/y.morgunov/workspace/A014-RedPitaya/RedPitaya/fpga/prj/Examples/Simple Moving Average/project/redpitaya.runs/impl_1/runme.log
launch_runs: Time (s): cpu = 00:00:04 ; elapsed = 00:00:06 . Memory (MB): peak = 1227.980 ; gain = 0.000
exit
INFO: [Common 17-206] Exiting Vivado at Fri Mar 26 22:36:43 2021...
